[0.506s] Invoking command in '/home/luca/modulo8/ponderada-4/src/main': PYTHONPATH=/home/luca/modulo8/ponderada-4/src/main/build/main/prefix_override:/home/luca/modulo8/ponderada-4/src/main/install/main/lib/python3.10/site-packages:${PYTHONPATH} /usr/bin/python3 setup.py egg_info --egg-base build/main build --build-base /home/luca/modulo8/ponderada-4/src/main/build/main/build install --record /home/luca/modulo8/ponderada-4/src/main/build/main/install.log --single-version-externally-managed
[0.671s] running egg_info
[0.671s] creating build/main/main.egg-info
[0.671s] writing build/main/main.egg-info/PKG-INFO
[0.671s] writing dependency_links to build/main/main.egg-info/dependency_links.txt
[0.672s] writing entry points to build/main/main.egg-info/entry_points.txt
[0.672s] writing requirements to build/main/main.egg-info/requires.txt
[0.672s] writing top-level names to build/main/main.egg-info/top_level.txt
[0.672s] writing manifest file 'build/main/main.egg-info/SOURCES.txt'
[0.673s] reading manifest file 'build/main/main.egg-info/SOURCES.txt'
[0.673s] writing manifest file 'build/main/main.egg-info/SOURCES.txt'
[0.673s] running build
[0.673s] running build_py
[0.673s] creating /home/luca/modulo8/ponderada-4/src/main/build/main/build
[0.673s] creating /home/luca/modulo8/ponderada-4/src/main/build/main/build/lib
[0.673s] creating /home/luca/modulo8/ponderada-4/src/main/build/main/build/lib/main
[0.674s] copying main/__init__.py -> /home/luca/modulo8/ponderada-4/src/main/build/main/build/lib/main
[0.674s] copying main/integration.py -> /home/luca/modulo8/ponderada-4/src/main/build/main/build/lib/main
[0.674s] running install
[0.674s] running install_lib
[0.674s] creating /home/luca/modulo8/ponderada-4/src/main/install/main/lib/python3.10/site-packages/main
[0.674s] copying /home/luca/modulo8/ponderada-4/src/main/build/main/build/lib/main/__init__.py -> /home/luca/modulo8/ponderada-4/src/main/install/main/lib/python3.10/site-packages/main
[0.674s] copying /home/luca/modulo8/ponderada-4/src/main/build/main/build/lib/main/integration.py -> /home/luca/modulo8/ponderada-4/src/main/install/main/lib/python3.10/site-packages/main
[0.674s] byte-compiling /home/luca/modulo8/ponderada-4/src/main/install/main/lib/python3.10/site-packages/main/__init__.py to __init__.cpython-310.pyc
[0.675s] byte-compiling /home/luca/modulo8/ponderada-4/src/main/install/main/lib/python3.10/site-packages/main/integration.py to integration.cpython-310.pyc
[0.675s] running install_data
[0.675s] creating /home/luca/modulo8/ponderada-4/src/main/install/main/share/ament_index
[0.675s] creating /home/luca/modulo8/ponderada-4/src/main/install/main/share/ament_index/resource_index
[0.675s] creating /home/luca/modulo8/ponderada-4/src/main/install/main/share/ament_index/resource_index/packages
[0.675s] copying resource/main -> /home/luca/modulo8/ponderada-4/src/main/install/main/share/ament_index/resource_index/packages
[0.675s] copying package.xml -> /home/luca/modulo8/ponderada-4/src/main/install/main/share/main
[0.675s] running install_egg_info
[0.676s] Copying build/main/main.egg-info to /home/luca/modulo8/ponderada-4/src/main/install/main/lib/python3.10/site-packages/main-0.0.0-py3.10.egg-info
[0.677s] running install_scripts
[0.689s] Installing main script to /home/luca/modulo8/ponderada-4/src/main/install/main/lib/main
[0.690s] writing list of installed files to '/home/luca/modulo8/ponderada-4/src/main/build/main/install.log'
[0.706s] Invoked command in '/home/luca/modulo8/ponderada-4/src/main' returned '0': PYTHONPATH=/home/luca/modulo8/ponderada-4/src/main/build/main/prefix_override:/home/luca/modulo8/ponderada-4/src/main/install/main/lib/python3.10/site-packages:${PYTHONPATH} /usr/bin/python3 setup.py egg_info --egg-base build/main build --build-base /home/luca/modulo8/ponderada-4/src/main/build/main/build install --record /home/luca/modulo8/ponderada-4/src/main/build/main/install.log --single-version-externally-managed
