running egg_info
writing build/main/main.egg-info/PKG-INFO
writing dependency_links to build/main/main.egg-info/dependency_links.txt
writing entry points to build/main/main.egg-info/entry_points.txt
writing requirements to build/main/main.egg-info/requires.txt
writing top-level names to build/main/main.egg-info/top_level.txt
reading manifest file 'build/main/main.egg-info/SOURCES.txt'
writing manifest file 'build/main/main.egg-info/SOURCES.txt'
running build
running build_py
copying main/integration.py -> /home/luca/modulo8/ponderada-4/src/main/build/main/build/lib/main
running install
running install_lib
copying /home/luca/modulo8/ponderada-4/src/main/build/main/build/lib/main/integration.py -> /home/luca/modulo8/ponderada-4/src/main/install/main/lib/python3.10/site-packages/main
byte-compiling /home/luca/modulo8/ponderada-4/src/main/install/main/lib/python3.10/site-packages/main/integration.py to integration.cpython-310.pyc
running install_data
running install_egg_info
removing '/home/luca/modulo8/ponderada-4/src/main/install/main/lib/python3.10/site-packages/main-0.0.0-py3.10.egg-info' (and everything under it)
Copying build/main/main.egg-info to /home/luca/modulo8/ponderada-4/src/main/install/main/lib/python3.10/site-packages/main-0.0.0-py3.10.egg-info
running install_scripts
Installing main script to /home/luca/modulo8/ponderada-4/src/main/install/main/lib/main
writing list of installed files to '/home/luca/modulo8/ponderada-4/src/main/build/main/install.log'
