[0.530s] Invoking command in '/home/luca/modulo8/ponderada-4/src/main': PYTHONPATH=/home/luca/modulo8/ponderada-4/src/main/build/main/prefix_override:/home/luca/modulo8/ponderada-4/src/main/install/main/lib/python3.10/site-packages:${PYTHONPATH} /usr/bin/python3 setup.py egg_info --egg-base build/main build --build-base /home/luca/modulo8/ponderada-4/src/main/build/main/build install --record /home/luca/modulo8/ponderada-4/src/main/build/main/install.log --single-version-externally-managed
[0.701s] running egg_info
[0.701s] writing build/main/main.egg-info/PKG-INFO
[0.701s] writing dependency_links to build/main/main.egg-info/dependency_links.txt
[0.702s] writing entry points to build/main/main.egg-info/entry_points.txt
[0.702s] writing requirements to build/main/main.egg-info/requires.txt
[0.702s] writing top-level names to build/main/main.egg-info/top_level.txt
[0.703s] reading manifest file 'build/main/main.egg-info/SOURCES.txt'
[0.703s] writing manifest file 'build/main/main.egg-info/SOURCES.txt'
[0.703s] running build
[0.703s] running build_py
[0.703s] copying main/integration.py -> /home/luca/modulo8/ponderada-4/src/main/build/main/build/lib/main
[0.704s] running install
[0.704s] running install_lib
[0.704s] copying /home/luca/modulo8/ponderada-4/src/main/build/main/build/lib/main/integration.py -> /home/luca/modulo8/ponderada-4/src/main/install/main/lib/python3.10/site-packages/main
[0.705s] byte-compiling /home/luca/modulo8/ponderada-4/src/main/install/main/lib/python3.10/site-packages/main/integration.py to integration.cpython-310.pyc
[0.705s] running install_data
[0.705s] running install_egg_info
[0.706s] removing '/home/luca/modulo8/ponderada-4/src/main/install/main/lib/python3.10/site-packages/main-0.0.0-py3.10.egg-info' (and everything under it)
[0.706s] Copying build/main/main.egg-info to /home/luca/modulo8/ponderada-4/src/main/install/main/lib/python3.10/site-packages/main-0.0.0-py3.10.egg-info
[0.707s] running install_scripts
[0.720s] Installing main script to /home/luca/modulo8/ponderada-4/src/main/install/main/lib/main
[0.721s] writing list of installed files to '/home/luca/modulo8/ponderada-4/src/main/build/main/install.log'
[0.739s] Invoked command in '/home/luca/modulo8/ponderada-4/src/main' returned '0': PYTHONPATH=/home/luca/modulo8/ponderada-4/src/main/build/main/prefix_override:/home/luca/modulo8/ponderada-4/src/main/install/main/lib/python3.10/site-packages:${PYTHONPATH} /usr/bin/python3 setup.py egg_info --egg-base build/main build --build-base /home/luca/modulo8/ponderada-4/src/main/build/main/build install --record /home/luca/modulo8/ponderada-4/src/main/build/main/install.log --single-version-externally-managed
