[0.917s] Invoking command in '/home/luca/modulo8/ponderada-2/src/turtlebot3': PYTHONPATH=/home/luca/modulo8/ponderada-2/src/turtlebot3/build/turtlebot3/prefix_override:/home/luca/modulo8/ponderada-2/src/turtlebot3/install/turtlebot3/lib/python3.10/site-packages:${PYTHONPATH} /usr/bin/python3 setup.py egg_info --egg-base build/turtlebot3 build --build-base /home/luca/modulo8/ponderada-2/src/turtlebot3/build/turtlebot3/build install --record /home/luca/modulo8/ponderada-2/src/turtlebot3/build/turtlebot3/install.log --single-version-externally-managed
[1.206s] running egg_info
[1.207s] writing build/turtlebot3/turtlebot3.egg-info/PKG-INFO
[1.207s] writing dependency_links to build/turtlebot3/turtlebot3.egg-info/dependency_links.txt
[1.207s] writing entry points to build/turtlebot3/turtlebot3.egg-info/entry_points.txt
[1.208s] writing requirements to build/turtlebot3/turtlebot3.egg-info/requires.txt
[1.208s] writing top-level names to build/turtlebot3/turtlebot3.egg-info/top_level.txt
[1.210s] reading manifest file 'build/turtlebot3/turtlebot3.egg-info/SOURCES.txt'
[1.211s] writing manifest file 'build/turtlebot3/turtlebot3.egg-info/SOURCES.txt'
[1.211s] running build
[1.212s] running build_py
[1.212s] copying turtlebot3/turtlebot3.py -> /home/luca/modulo8/ponderada-2/src/turtlebot3/build/turtlebot3/build/lib/turtlebot3
[1.212s] running install
[1.213s] running install_lib
[1.214s] copying /home/luca/modulo8/ponderada-2/src/turtlebot3/build/turtlebot3/build/lib/turtlebot3/turtlebot3.py -> /home/luca/modulo8/ponderada-2/src/turtlebot3/install/turtlebot3/lib/python3.10/site-packages/turtlebot3
[1.215s] byte-compiling /home/luca/modulo8/ponderada-2/src/turtlebot3/install/turtlebot3/lib/python3.10/site-packages/turtlebot3/turtlebot3.py to turtlebot3.cpython-310.pyc
[1.215s] running install_data
[1.216s] running install_egg_info
[1.219s] removing '/home/luca/modulo8/ponderada-2/src/turtlebot3/install/turtlebot3/lib/python3.10/site-packages/turtlebot3-0.0.0-py3.10.egg-info' (and everything under it)
[1.219s] Copying build/turtlebot3/turtlebot3.egg-info to /home/luca/modulo8/ponderada-2/src/turtlebot3/install/turtlebot3/lib/python3.10/site-packages/turtlebot3-0.0.0-py3.10.egg-info
[1.221s] running install_scripts
[1.248s] Installing turtlebot3 script to /home/luca/modulo8/ponderada-2/src/turtlebot3/install/turtlebot3/lib/turtlebot3
[1.248s] writing list of installed files to '/home/luca/modulo8/ponderada-2/src/turtlebot3/build/turtlebot3/install.log'
[1.278s] Invoked command in '/home/luca/modulo8/ponderada-2/src/turtlebot3' returned '0': PYTHONPATH=/home/luca/modulo8/ponderada-2/src/turtlebot3/build/turtlebot3/prefix_override:/home/luca/modulo8/ponderada-2/src/turtlebot3/install/turtlebot3/lib/python3.10/site-packages:${PYTHONPATH} /usr/bin/python3 setup.py egg_info --egg-base build/turtlebot3 build --build-base /home/luca/modulo8/ponderada-2/src/turtlebot3/build/turtlebot3/build install --record /home/luca/modulo8/ponderada-2/src/turtlebot3/build/turtlebot3/install.log --single-version-externally-managed
