running egg_info
creating ../../build/turtlebot3/turtlebot3.egg-info
writing ../../build/turtlebot3/turtlebot3.egg-info/PKG-INFO
writing dependency_links to ../../build/turtlebot3/turtlebot3.egg-info/dependency_links.txt
writing entry points to ../../build/turtlebot3/turtlebot3.egg-info/entry_points.txt
writing requirements to ../../build/turtlebot3/turtlebot3.egg-info/requires.txt
writing top-level names to ../../build/turtlebot3/turtlebot3.egg-info/top_level.txt
writing manifest file '../../build/turtlebot3/turtlebot3.egg-info/SOURCES.txt'
reading manifest file '../../build/turtlebot3/turtlebot3.egg-info/SOURCES.txt'
writing manifest file '../../build/turtlebot3/turtlebot3.egg-info/SOURCES.txt'
running build
running build_py
creating /home/luca/modulo8/ponderada-2/build/turtlebot3/build
creating /home/luca/modulo8/ponderada-2/build/turtlebot3/build/lib
creating /home/luca/modulo8/ponderada-2/build/turtlebot3/build/lib/turtlebot3
copying turtlebot3/__init__.py -> /home/luca/modulo8/ponderada-2/build/turtlebot3/build/lib/turtlebot3
copying turtlebot3/turtlebot3.py -> /home/luca/modulo8/ponderada-2/build/turtlebot3/build/lib/turtlebot3
running install
running install_lib
creating /home/luca/modulo8/ponderada-2/install/turtlebot3/lib/python3.10/site-packages/turtlebot3
copying /home/luca/modulo8/ponderada-2/build/turtlebot3/build/lib/turtlebot3/__init__.py -> /home/luca/modulo8/ponderada-2/install/turtlebot3/lib/python3.10/site-packages/turtlebot3
copying /home/luca/modulo8/ponderada-2/build/turtlebot3/build/lib/turtlebot3/turtlebot3.py -> /home/luca/modulo8/ponderada-2/install/turtlebot3/lib/python3.10/site-packages/turtlebot3
byte-compiling /home/luca/modulo8/ponderada-2/install/turtlebot3/lib/python3.10/site-packages/turtlebot3/__init__.py to __init__.cpython-310.pyc
byte-compiling /home/luca/modulo8/ponderada-2/install/turtlebot3/lib/python3.10/site-packages/turtlebot3/turtlebot3.py to turtlebot3.cpython-310.pyc
running install_data
creating /home/luca/modulo8/ponderada-2/install/turtlebot3/share/ament_index
creating /home/luca/modulo8/ponderada-2/install/turtlebot3/share/ament_index/resource_index
creating /home/luca/modulo8/ponderada-2/install/turtlebot3/share/ament_index/resource_index/packages
copying resource/turtlebot3 -> /home/luca/modulo8/ponderada-2/install/turtlebot3/share/ament_index/resource_index/packages
copying package.xml -> /home/luca/modulo8/ponderada-2/install/turtlebot3/share/turtlebot3
creating /home/luca/modulo8/ponderada-2/install/turtlebot3/share/turtlebot3/launch
copying launch/movementlaunch.py -> /home/luca/modulo8/ponderada-2/install/turtlebot3/share/turtlebot3/launch
copying launch/launch.py -> /home/luca/modulo8/ponderada-2/install/turtlebot3/share/turtlebot3/launch
running install_egg_info
Copying ../../build/turtlebot3/turtlebot3.egg-info to /home/luca/modulo8/ponderada-2/install/turtlebot3/lib/python3.10/site-packages/turtlebot3-0.0.0-py3.10.egg-info
running install_scripts
Installing turtlebot3 script to /home/luca/modulo8/ponderada-2/install/turtlebot3/lib/turtlebot3
writing list of installed files to '/home/luca/modulo8/ponderada-2/build/turtlebot3/install.log'
