[0.758s] Invoking command in '/home/luca/modulo8/ponderada-2/src/turtlebot3': PYTHONPATH=/home/luca/modulo8/ponderada-2/src/turtlebot3/build/turtlebot3/prefix_override:/home/luca/modulo8/ponderada-2/src/turtlebot3/install/turtlebot3/lib/python3.10/site-packages:${PYTHONPATH} /usr/bin/python3 setup.py egg_info --egg-base build/turtlebot3 build --build-base /home/luca/modulo8/ponderada-2/src/turtlebot3/build/turtlebot3/build install --record /home/luca/modulo8/ponderada-2/src/turtlebot3/build/turtlebot3/install.log --single-version-externally-managed
[1.009s] running egg_info
[1.010s] writing build/turtlebot3/turtlebot3.egg-info/PKG-INFO
[1.010s] writing dependency_links to build/turtlebot3/turtlebot3.egg-info/dependency_links.txt
[1.010s] writing entry points to build/turtlebot3/turtlebot3.egg-info/entry_points.txt
[1.011s] writing requirements to build/turtlebot3/turtlebot3.egg-info/requires.txt
[1.011s] writing top-level names to build/turtlebot3/turtlebot3.egg-info/top_level.txt
[1.012s] reading manifest file 'build/turtlebot3/turtlebot3.egg-info/SOURCES.txt'
[1.013s] writing manifest file 'build/turtlebot3/turtlebot3.egg-info/SOURCES.txt'
[1.014s] running build
[1.014s] running build_py
[1.014s] running install
[1.014s] running install_lib
[1.015s] running install_data
[1.016s] running install_egg_info
[1.017s] removing '/home/luca/modulo8/ponderada-2/src/turtlebot3/install/turtlebot3/lib/python3.10/site-packages/turtlebot3-0.0.0-py3.10.egg-info' (and everything under it)
[1.018s] Copying build/turtlebot3/turtlebot3.egg-info to /home/luca/modulo8/ponderada-2/src/turtlebot3/install/turtlebot3/lib/python3.10/site-packages/turtlebot3-0.0.0-py3.10.egg-info
[1.019s] running install_scripts
[1.043s] Installing turtlebot3 script to /home/luca/modulo8/ponderada-2/src/turtlebot3/install/turtlebot3/lib/turtlebot3
[1.043s] writing list of installed files to '/home/luca/modulo8/ponderada-2/src/turtlebot3/build/turtlebot3/install.log'
[1.075s] Invoked command in '/home/luca/modulo8/ponderada-2/src/turtlebot3' returned '0': PYTHONPATH=/home/luca/modulo8/ponderada-2/src/turtlebot3/build/turtlebot3/prefix_override:/home/luca/modulo8/ponderada-2/src/turtlebot3/install/turtlebot3/lib/python3.10/site-packages:${PYTHONPATH} /usr/bin/python3 setup.py egg_info --egg-base build/turtlebot3 build --build-base /home/luca/modulo8/ponderada-2/src/turtlebot3/build/turtlebot3/build install --record /home/luca/modulo8/ponderada-2/src/turtlebot3/build/turtlebot3/install.log --single-version-externally-managed
