[1.163s] Invoking command in '/home/luca/modulo8/ponderada-3/src/chatbot': PYTHONPATH=/home/luca/modulo8/build/chatbot/prefix_override:/home/luca/modulo8/install/chatbot/lib/python3.10/site-packages:${PYTHONPATH} /usr/bin/python3 setup.py egg_info --egg-base ../../../build/chatbot build --build-base /home/luca/modulo8/build/chatbot/build install --record /home/luca/modulo8/build/chatbot/install.log --single-version-externally-managed
[1.348s] running egg_info
[1.348s] writing ../../../build/chatbot/chatbot.egg-info/PKG-INFO
[1.348s] writing dependency_links to ../../../build/chatbot/chatbot.egg-info/dependency_links.txt
[1.349s] writing entry points to ../../../build/chatbot/chatbot.egg-info/entry_points.txt
[1.349s] writing requirements to ../../../build/chatbot/chatbot.egg-info/requires.txt
[1.349s] writing top-level names to ../../../build/chatbot/chatbot.egg-info/top_level.txt
[1.350s] reading manifest file '../../../build/chatbot/chatbot.egg-info/SOURCES.txt'
[1.351s] writing manifest file '../../../build/chatbot/chatbot.egg-info/SOURCES.txt'
[1.351s] running build
[1.351s] running build_py
[1.351s] running install
[1.351s] running install_lib
[1.352s] running install_data
[1.352s] running install_egg_info
[1.354s] removing '/home/luca/modulo8/install/chatbot/lib/python3.10/site-packages/chatbot-0.0.0-py3.10.egg-info' (and everything under it)
[1.354s] Copying ../../../build/chatbot/chatbot.egg-info to /home/luca/modulo8/install/chatbot/lib/python3.10/site-packages/chatbot-0.0.0-py3.10.egg-info
[1.355s] running install_scripts
[1.369s] Installing chatbot script to /home/luca/modulo8/install/chatbot/lib/chatbot
[1.369s] writing list of installed files to '/home/luca/modulo8/build/chatbot/install.log'
[1.429s] Invoked command in '/home/luca/modulo8/ponderada-3/src/chatbot' returned '0': PYTHONPATH=/home/luca/modulo8/build/chatbot/prefix_override:/home/luca/modulo8/install/chatbot/lib/python3.10/site-packages:${PYTHONPATH} /usr/bin/python3 setup.py egg_info --egg-base ../../../build/chatbot build --build-base /home/luca/modulo8/build/chatbot/build install --record /home/luca/modulo8/build/chatbot/install.log --single-version-externally-managed
