running egg_info
writing build/turtlebot3/turtlebot3.egg-info/PKG-INFO
writing dependency_links to build/turtlebot3/turtlebot3.egg-info/dependency_links.txt
writing entry points to build/turtlebot3/turtlebot3.egg-info/entry_points.txt
writing requirements to build/turtlebot3/turtlebot3.egg-info/requires.txt
writing top-level names to build/turtlebot3/turtlebot3.egg-info/top_level.txt
reading manifest file 'build/turtlebot3/turtlebot3.egg-info/SOURCES.txt'
writing manifest file 'build/turtlebot3/turtlebot3.egg-info/SOURCES.txt'
running build
running build_py
copying turtlebot3/turtlebot3.py -> /home/luca/modulo8/ponderada-2/src/turtlebot3/build/turtlebot3/build/lib/turtlebot3
running install
running install_lib
copying /home/luca/modulo8/ponderada-2/src/turtlebot3/build/turtlebot3/build/lib/turtlebot3/turtlebot3.py -> /home/luca/modulo8/ponderada-2/src/turtlebot3/install/turtlebot3/lib/python3.10/site-packages/turtlebot3
byte-compiling /home/luca/modulo8/ponderada-2/src/turtlebot3/install/turtlebot3/lib/python3.10/site-packages/turtlebot3/turtlebot3.py to turtlebot3.cpython-310.pyc
running install_data
copying launch/movementlaunch.py -> /home/luca/modulo8/ponderada-2/src/turtlebot3/install/turtlebot3/share/turtlebot3/launch
running install_egg_info
removing '/home/luca/modulo8/ponderada-2/src/turtlebot3/install/turtlebot3/lib/python3.10/site-packages/turtlebot3-0.0.0-py3.10.egg-info' (and everything under it)
Copying build/turtlebot3/turtlebot3.egg-info to /home/luca/modulo8/ponderada-2/src/turtlebot3/install/turtlebot3/lib/python3.10/site-packages/turtlebot3-0.0.0-py3.10.egg-info
running install_scripts
Installing turtlebot3 script to /home/luca/modulo8/ponderada-2/src/turtlebot3/install/turtlebot3/lib/turtlebot3
writing list of installed files to '/home/luca/modulo8/ponderada-2/src/turtlebot3/build/turtlebot3/install.log'
