[0.653s] DEBUG:colcon:Command line arguments: ['/usr/bin/colcon', 'build']
[0.653s] DEBUG:colcon:Parsed command line arguments: Namespace(log_base=None, log_level=None, verb_name='build', build_base='build', install_base='install', merge_install=False, symlink_install=False, test_result_base=None, continue_on_error=False, executor='parallel', parallel_workers=8, event_handlers=None, ignore_user_meta=False, metas=['./colcon.meta'], base_paths=['.'], packages_ignore=None, packages_ignore_regex=None, paths=None, packages_up_to=None, packages_up_to_regex=None, packages_above=None, packages_above_and_dependencies=None, packages_above_depth=None, packages_select_by_dep=None, packages_skip_by_dep=None, packages_skip_up_to=None, packages_select_build_failed=False, packages_skip_build_finished=False, packages_select_test_failures=False, packages_skip_test_passed=False, packages_select=None, packages_skip=None, packages_select_regex=None, packages_skip_regex=None, packages_start=None, packages_end=None, allow_overriding=[], cmake_args=None, cmake_target=None, cmake_target_skip_unavailable=False, cmake_clean_cache=False, cmake_clean_first=False, cmake_force_configure=False, ament_cmake_args=None, catkin_cmake_args=None, catkin_skip_building_tests=False, verb_parser=<colcon_defaults.argument_parser.defaults.DefaultArgumentsDecorator object at 0x7f9707ca3250>, verb_extension=<colcon_core.verb.build.BuildVerb object at 0x7f9707ca0cd0>, main=<bound method BuildVerb.main of <colcon_core.verb.build.BuildVerb object at 0x7f9707ca0cd0>>)
[0.683s] Level 1:colcon.colcon_core.package_discovery:discover_packages(colcon_meta) check parameters
[0.683s] Level 1:colcon.colcon_core.package_discovery:discover_packages(recursive) check parameters
[0.683s] Level 1:colcon.colcon_core.package_discovery:discover_packages(ignore) check parameters
[0.683s] Level 1:colcon.colcon_core.package_discovery:discover_packages(path) check parameters
[0.683s] Level 1:colcon.colcon_core.package_discovery:discover_packages(colcon_meta) discover
[0.683s] Level 1:colcon.colcon_core.package_discovery:discover_packages(recursive) discover
[0.683s] INFO:colcon.colcon_core.package_discovery:Crawling recursively for packages in '/home/luca/modulo8'
[0.683s] Level 1:colcon.colcon_core.package_identification:_identify(.) by extensions ['ignore', 'ignore_ament_install']
[0.683s] Level 1:colcon.colcon_core.package_identification:_identify(.) by extension 'ignore'
[0.683s] Level 1:colcon.colcon_core.package_identification:_identify(.) by extension 'ignore_ament_install'
[0.683s] Level 1:colcon.colcon_core.package_identification:_identify(.) by extensions ['colcon_pkg']
[0.683s] Level 1:colcon.colcon_core.package_identification:_identify(.) by extension 'colcon_pkg'
[0.683s] Level 1:colcon.colcon_core.package_identification:_identify(.) by extensions ['colcon_meta']
[0.683s] Level 1:colcon.colcon_core.package_identification:_identify(.) by extension 'colcon_meta'
[0.684s] Level 1:colcon.colcon_core.package_identification:_identify(.) by extensions ['ros']
[0.684s] Level 1:colcon.colcon_core.package_identification:_identify(.) by extension 'ros'
[0.690s] Level 1:colcon.colcon_core.package_identification:_identify(.) by extensions ['cmake', 'python']
[0.690s] Level 1:colcon.colcon_core.package_identification:_identify(.) by extension 'cmake'
[0.690s] Level 1:colcon.colcon_core.package_identification:_identify(.) by extension 'python'
[0.691s] Level 1:colcon.colcon_core.package_identification:_identify(.) by extensions ['python_setup_py']
[0.691s] Level 1:colcon.colcon_core.package_identification:_identify(.) by extension 'python_setup_py'
[0.691s] Level 1:colcon.colcon_core.package_identification:_identify(build) by extensions ['ignore', 'ignore_ament_install']
[0.691s] Level 1:colcon.colcon_core.package_identification:_identify(build) by extension 'ignore'
[0.691s] Level 1:colcon.colcon_core.package_identification:_identify(build) ignored
[0.691s] Level 1:colcon.colcon_core.package_identification:_identify(install) by extensions ['ignore', 'ignore_ament_install']
[0.691s] Level 1:colcon.colcon_core.package_identification:_identify(install) by extension 'ignore'
[0.691s] Level 1:colcon.colcon_core.package_identification:_identify(install) ignored
[0.691s] Level 1:colcon.colcon_core.package_identification:_identify(log) by extensions ['ignore', 'ignore_ament_install']
[0.691s] Level 1:colcon.colcon_core.package_identification:_identify(log) by extension 'ignore'
[0.691s] Level 1:colcon.colcon_core.package_identification:_identify(log) ignored
[0.691s] Level 1:colcon.colcon_core.package_identification:_identify(ponderada-2) by extensions ['ignore', 'ignore_ament_install']
[0.691s] Level 1:colcon.colcon_core.package_identification:_identify(ponderada-2) by extension 'ignore'
[0.692s] Level 1:colcon.colcon_core.package_identification:_identify(ponderada-2) by extension 'ignore_ament_install'
[0.692s] Level 1:colcon.colcon_core.package_identification:_identify(ponderada-2) by extensions ['colcon_pkg']
[0.692s] Level 1:colcon.colcon_core.package_identification:_identify(ponderada-2) by extension 'colcon_pkg'
[0.692s] Level 1:colcon.colcon_core.package_identification:_identify(ponderada-2) by extensions ['colcon_meta']
[0.692s] Level 1:colcon.colcon_core.package_identification:_identify(ponderada-2) by extension 'colcon_meta'
[0.692s] Level 1:colcon.colcon_core.package_identification:_identify(ponderada-2) by extensions ['ros']
[0.692s] Level 1:colcon.colcon_core.package_identification:_identify(ponderada-2) by extension 'ros'
[0.692s] Level 1:colcon.colcon_core.package_identification:_identify(ponderada-2) by extensions ['cmake', 'python']
[0.692s] Level 1:colcon.colcon_core.package_identification:_identify(ponderada-2) by extension 'cmake'
[0.692s] Level 1:colcon.colcon_core.package_identification:_identify(ponderada-2) by extension 'python'
[0.692s] Level 1:colcon.colcon_core.package_identification:_identify(ponderada-2) by extensions ['python_setup_py']
[0.692s] Level 1:colcon.colcon_core.package_identification:_identify(ponderada-2) by extension 'python_setup_py'
[0.692s] Level 1:colcon.colcon_core.package_identification:_identify(ponderada-2/build) by extensions ['ignore', 'ignore_ament_install']
[0.692s] Level 1:colcon.colcon_core.package_identification:_identify(ponderada-2/build) by extension 'ignore'
[0.692s] Level 1:colcon.colcon_core.package_identification:_identify(ponderada-2/build) ignored
[0.692s] Level 1:colcon.colcon_core.package_identification:_identify(ponderada-2/install) by extensions ['ignore', 'ignore_ament_install']
[0.692s] Level 1:colcon.colcon_core.package_identification:_identify(ponderada-2/install) by extension 'ignore'
[0.692s] Level 1:colcon.colcon_core.package_identification:_identify(ponderada-2/install) ignored
[0.692s] Level 1:colcon.colcon_core.package_identification:_identify(ponderada-2/log) by extensions ['ignore', 'ignore_ament_install']
[0.692s] Level 1:colcon.colcon_core.package_identification:_identify(ponderada-2/log) by extension 'ignore'
[0.692s] Level 1:colcon.colcon_core.package_identification:_identify(ponderada-2/log) ignored
[0.693s] Level 1:colcon.colcon_core.package_identification:_identify(ponderada-2/src) by extensions ['ignore', 'ignore_ament_install']
[0.693s] Level 1:colcon.colcon_core.package_identification:_identify(ponderada-2/src) by extension 'ignore'
[0.693s] Level 1:colcon.colcon_core.package_identification:_identify(ponderada-2/src) by extension 'ignore_ament_install'
[0.693s] Level 1:colcon.colcon_core.package_identification:_identify(ponderada-2/src) by extensions ['colcon_pkg']
[0.693s] Level 1:colcon.colcon_core.package_identification:_identify(ponderada-2/src) by extension 'colcon_pkg'
[0.693s] Level 1:colcon.colcon_core.package_identification:_identify(ponderada-2/src) by extensions ['colcon_meta']
[0.693s] Level 1:colcon.colcon_core.package_identification:_identify(ponderada-2/src) by extension 'colcon_meta'
[0.693s] Level 1:colcon.colcon_core.package_identification:_identify(ponderada-2/src) by extensions ['ros']
[0.693s] Level 1:colcon.colcon_core.package_identification:_identify(ponderada-2/src) by extension 'ros'
[0.693s] Level 1:colcon.colcon_core.package_identification:_identify(ponderada-2/src) by extensions ['cmake', 'python']
[0.693s] Level 1:colcon.colcon_core.package_identification:_identify(ponderada-2/src) by extension 'cmake'
[0.693s] Level 1:colcon.colcon_core.package_identification:_identify(ponderada-2/src) by extension 'python'
[0.693s] Level 1:colcon.colcon_core.package_identification:_identify(ponderada-2/src) by extensions ['python_setup_py']
[0.693s] Level 1:colcon.colcon_core.package_identification:_identify(ponderada-2/src) by extension 'python_setup_py'
[0.693s] Level 1:colcon.colcon_core.package_identification:_identify(ponderada-2/src/build) by extensions ['ignore', 'ignore_ament_install']
[0.693s] Level 1:colcon.colcon_core.package_identification:_identify(ponderada-2/src/build) by extension 'ignore'
[0.693s] Level 1:colcon.colcon_core.package_identification:_identify(ponderada-2/src/build) ignored
[0.693s] Level 1:colcon.colcon_core.package_identification:_identify(ponderada-2/src/install) by extensions ['ignore', 'ignore_ament_install']
[0.693s] Level 1:colcon.colcon_core.package_identification:_identify(ponderada-2/src/install) by extension 'ignore'
[0.693s] Level 1:colcon.colcon_core.package_identification:_identify(ponderada-2/src/install) ignored
[0.694s] Level 1:colcon.colcon_core.package_identification:_identify(ponderada-2/src/log) by extensions ['ignore', 'ignore_ament_install']
[0.694s] Level 1:colcon.colcon_core.package_identification:_identify(ponderada-2/src/log) by extension 'ignore'
[0.694s] Level 1:colcon.colcon_core.package_identification:_identify(ponderada-2/src/log) ignored
[0.694s] Level 1:colcon.colcon_core.package_identification:_identify(ponderada-2/src/turtlebot3) by extensions ['ignore', 'ignore_ament_install']
[0.694s] Level 1:colcon.colcon_core.package_identification:_identify(ponderada-2/src/turtlebot3) by extension 'ignore'
[0.694s] Level 1:colcon.colcon_core.package_identification:_identify(ponderada-2/src/turtlebot3) by extension 'ignore_ament_install'
[0.694s] Level 1:colcon.colcon_core.package_identification:_identify(ponderada-2/src/turtlebot3) by extensions ['colcon_pkg']
[0.694s] Level 1:colcon.colcon_core.package_identification:_identify(ponderada-2/src/turtlebot3) by extension 'colcon_pkg'
[0.694s] Level 1:colcon.colcon_core.package_identification:_identify(ponderada-2/src/turtlebot3) by extensions ['colcon_meta']
[0.694s] Level 1:colcon.colcon_core.package_identification:_identify(ponderada-2/src/turtlebot3) by extension 'colcon_meta'
[0.694s] Level 1:colcon.colcon_core.package_identification:_identify(ponderada-2/src/turtlebot3) by extensions ['ros']
[0.694s] Level 1:colcon.colcon_core.package_identification:_identify(ponderada-2/src/turtlebot3) by extension 'ros'
[0.695s] DEBUG:colcon.colcon_core.package_identification:Package 'ponderada-2/src/turtlebot3' with type 'ros.ament_python' and name 'turtlebot3'
[0.695s] Level 1:colcon.colcon_core.package_identification:_identify(ponderada-3) by extensions ['ignore', 'ignore_ament_install']
[0.696s] Level 1:colcon.colcon_core.package_identification:_identify(ponderada-3) by extension 'ignore'
[0.696s] Level 1:colcon.colcon_core.package_identification:_identify(ponderada-3) by extension 'ignore_ament_install'
[0.696s] Level 1:colcon.colcon_core.package_identification:_identify(ponderada-3) by extensions ['colcon_pkg']
[0.696s] Level 1:colcon.colcon_core.package_identification:_identify(ponderada-3) by extension 'colcon_pkg'
[0.696s] Level 1:colcon.colcon_core.package_identification:_identify(ponderada-3) by extensions ['colcon_meta']
[0.696s] Level 1:colcon.colcon_core.package_identification:_identify(ponderada-3) by extension 'colcon_meta'
[0.696s] Level 1:colcon.colcon_core.package_identification:_identify(ponderada-3) by extensions ['ros']
[0.696s] Level 1:colcon.colcon_core.package_identification:_identify(ponderada-3) by extension 'ros'
[0.696s] Level 1:colcon.colcon_core.package_identification:_identify(ponderada-3) by extensions ['cmake', 'python']
[0.696s] Level 1:colcon.colcon_core.package_identification:_identify(ponderada-3) by extension 'cmake'
[0.696s] Level 1:colcon.colcon_core.package_identification:_identify(ponderada-3) by extension 'python'
[0.696s] Level 1:colcon.colcon_core.package_identification:_identify(ponderada-3) by extensions ['python_setup_py']
[0.696s] Level 1:colcon.colcon_core.package_identification:_identify(ponderada-3) by extension 'python_setup_py'
[0.696s] Level 1:colcon.colcon_core.package_identification:_identify(ponderada-3/build) by extensions ['ignore', 'ignore_ament_install']
[0.696s] Level 1:colcon.colcon_core.package_identification:_identify(ponderada-3/build) by extension 'ignore'
[0.696s] Level 1:colcon.colcon_core.package_identification:_identify(ponderada-3/build) ignored
[0.696s] Level 1:colcon.colcon_core.package_identification:_identify(ponderada-3/install) by extensions ['ignore', 'ignore_ament_install']
[0.696s] Level 1:colcon.colcon_core.package_identification:_identify(ponderada-3/install) by extension 'ignore'
[0.696s] Level 1:colcon.colcon_core.package_identification:_identify(ponderada-3/install) ignored
[0.696s] Level 1:colcon.colcon_core.package_identification:_identify(ponderada-3/log) by extensions ['ignore', 'ignore_ament_install']
[0.696s] Level 1:colcon.colcon_core.package_identification:_identify(ponderada-3/log) by extension 'ignore'
[0.696s] Level 1:colcon.colcon_core.package_identification:_identify(ponderada-3/log) ignored
[0.696s] Level 1:colcon.colcon_core.package_identification:_identify(ponderada-3/src) by extensions ['ignore', 'ignore_ament_install']
[0.696s] Level 1:colcon.colcon_core.package_identification:_identify(ponderada-3/src) by extension 'ignore'
[0.696s] Level 1:colcon.colcon_core.package_identification:_identify(ponderada-3/src) by extension 'ignore_ament_install'
[0.696s] Level 1:colcon.colcon_core.package_identification:_identify(ponderada-3/src) by extensions ['colcon_pkg']
[0.696s] Level 1:colcon.colcon_core.package_identification:_identify(ponderada-3/src) by extension 'colcon_pkg'
[0.696s] Level 1:colcon.colcon_core.package_identification:_identify(ponderada-3/src) by extensions ['colcon_meta']
[0.696s] Level 1:colcon.colcon_core.package_identification:_identify(ponderada-3/src) by extension 'colcon_meta'
[0.696s] Level 1:colcon.colcon_core.package_identification:_identify(ponderada-3/src) by extensions ['ros']
[0.697s] Level 1:colcon.colcon_core.package_identification:_identify(ponderada-3/src) by extension 'ros'
[0.697s] Level 1:colcon.colcon_core.package_identification:_identify(ponderada-3/src) by extensions ['cmake', 'python']
[0.697s] Level 1:colcon.colcon_core.package_identification:_identify(ponderada-3/src) by extension 'cmake'
[0.697s] Level 1:colcon.colcon_core.package_identification:_identify(ponderada-3/src) by extension 'python'
[0.697s] Level 1:colcon.colcon_core.package_identification:_identify(ponderada-3/src) by extensions ['python_setup_py']
[0.697s] Level 1:colcon.colcon_core.package_identification:_identify(ponderada-3/src) by extension 'python_setup_py'
[0.697s] Level 1:colcon.colcon_core.package_identification:_identify(ponderada-3/src/chatbot) by extensions ['ignore', 'ignore_ament_install']
[0.697s] Level 1:colcon.colcon_core.package_identification:_identify(ponderada-3/src/chatbot) by extension 'ignore'
[0.697s] Level 1:colcon.colcon_core.package_identification:_identify(ponderada-3/src/chatbot) by extension 'ignore_ament_install'
[0.697s] Level 1:colcon.colcon_core.package_identification:_identify(ponderada-3/src/chatbot) by extensions ['colcon_pkg']
[0.697s] Level 1:colcon.colcon_core.package_identification:_identify(ponderada-3/src/chatbot) by extension 'colcon_pkg'
[0.697s] Level 1:colcon.colcon_core.package_identification:_identify(ponderada-3/src/chatbot) by extensions ['colcon_meta']
[0.697s] Level 1:colcon.colcon_core.package_identification:_identify(ponderada-3/src/chatbot) by extension 'colcon_meta'
[0.697s] Level 1:colcon.colcon_core.package_identification:_identify(ponderada-3/src/chatbot) by extensions ['ros']
[0.697s] Level 1:colcon.colcon_core.package_identification:_identify(ponderada-3/src/chatbot) by extension 'ros'
[0.697s] DEBUG:colcon.colcon_core.package_identification:Package 'ponderada-3/src/chatbot' with type 'ros.ament_python' and name 'chatbot'
[0.697s] Level 1:colcon.colcon_core.package_identification:_identify(ponderada-4) by extensions ['ignore', 'ignore_ament_install']
[0.697s] Level 1:colcon.colcon_core.package_identification:_identify(ponderada-4) by extension 'ignore'
[0.697s] Level 1:colcon.colcon_core.package_identification:_identify(ponderada-4) by extension 'ignore_ament_install'
[0.697s] Level 1:colcon.colcon_core.package_identification:_identify(ponderada-4) by extensions ['colcon_pkg']
[0.697s] Level 1:colcon.colcon_core.package_identification:_identify(ponderada-4) by extension 'colcon_pkg'
[0.697s] Level 1:colcon.colcon_core.package_identification:_identify(ponderada-4) by extensions ['colcon_meta']
[0.697s] Level 1:colcon.colcon_core.package_identification:_identify(ponderada-4) by extension 'colcon_meta'
[0.697s] Level 1:colcon.colcon_core.package_identification:_identify(ponderada-4) by extensions ['ros']
[0.698s] Level 1:colcon.colcon_core.package_identification:_identify(ponderada-4) by extension 'ros'
[0.698s] Level 1:colcon.colcon_core.package_identification:_identify(ponderada-4) by extensions ['cmake', 'python']
[0.698s] Level 1:colcon.colcon_core.package_identification:_identify(ponderada-4) by extension 'cmake'
[0.698s] Level 1:colcon.colcon_core.package_identification:_identify(ponderada-4) by extension 'python'
[0.698s] Level 1:colcon.colcon_core.package_identification:_identify(ponderada-4) by extensions ['python_setup_py']
[0.698s] Level 1:colcon.colcon_core.package_identification:_identify(ponderada-4) by extension 'python_setup_py'
[0.698s] Level 1:colcon.colcon_core.package_identification:_identify(ponderada-4/src) by extensions ['ignore', 'ignore_ament_install']
[0.698s] Level 1:colcon.colcon_core.package_identification:_identify(ponderada-4/src) by extension 'ignore'
[0.698s] Level 1:colcon.colcon_core.package_identification:_identify(ponderada-4/src) by extension 'ignore_ament_install'
[0.698s] Level 1:colcon.colcon_core.package_identification:_identify(ponderada-4/src) by extensions ['colcon_pkg']
[0.698s] Level 1:colcon.colcon_core.package_identification:_identify(ponderada-4/src) by extension 'colcon_pkg'
[0.698s] Level 1:colcon.colcon_core.package_identification:_identify(ponderada-4/src) by extensions ['colcon_meta']
[0.698s] Level 1:colcon.colcon_core.package_identification:_identify(ponderada-4/src) by extension 'colcon_meta'
[0.698s] Level 1:colcon.colcon_core.package_identification:_identify(ponderada-4/src) by extensions ['ros']
[0.698s] Level 1:colcon.colcon_core.package_identification:_identify(ponderada-4/src) by extension 'ros'
[0.698s] Level 1:colcon.colcon_core.package_identification:_identify(ponderada-4/src) by extensions ['cmake', 'python']
[0.698s] Level 1:colcon.colcon_core.package_identification:_identify(ponderada-4/src) by extension 'cmake'
[0.698s] Level 1:colcon.colcon_core.package_identification:_identify(ponderada-4/src) by extension 'python'
[0.698s] Level 1:colcon.colcon_core.package_identification:_identify(ponderada-4/src) by extensions ['python_setup_py']
[0.698s] Level 1:colcon.colcon_core.package_identification:_identify(ponderada-4/src) by extension 'python_setup_py'
[0.698s] Level 1:colcon.colcon_core.package_identification:_identify(ponderada-4/src/main) by extensions ['ignore', 'ignore_ament_install']
[0.698s] Level 1:colcon.colcon_core.package_identification:_identify(ponderada-4/src/main) by extension 'ignore'
[0.698s] Level 1:colcon.colcon_core.package_identification:_identify(ponderada-4/src/main) by extension 'ignore_ament_install'
[0.698s] Level 1:colcon.colcon_core.package_identification:_identify(ponderada-4/src/main) by extensions ['colcon_pkg']
[0.698s] Level 1:colcon.colcon_core.package_identification:_identify(ponderada-4/src/main) by extension 'colcon_pkg'
[0.698s] Level 1:colcon.colcon_core.package_identification:_identify(ponderada-4/src/main) by extensions ['colcon_meta']
[0.698s] Level 1:colcon.colcon_core.package_identification:_identify(ponderada-4/src/main) by extension 'colcon_meta'
[0.698s] Level 1:colcon.colcon_core.package_identification:_identify(ponderada-4/src/main) by extensions ['ros']
[0.698s] Level 1:colcon.colcon_core.package_identification:_identify(ponderada-4/src/main) by extension 'ros'
[0.699s] DEBUG:colcon.colcon_core.package_identification:Package 'ponderada-4/src/main' with type 'ros.ament_python' and name 'main'
[0.699s] Level 1:colcon.colcon_core.package_discovery:discover_packages(recursive) using defaults
[0.699s] Level 1:colcon.colcon_core.package_discovery:discover_packages(ignore) discover
[0.699s] Level 1:colcon.colcon_core.package_discovery:discover_packages(ignore) using defaults
[0.699s] Level 1:colcon.colcon_core.package_discovery:discover_packages(path) discover
[0.699s] Level 1:colcon.colcon_core.package_discovery:discover_packages(path) using defaults
[0.759s] Level 1:colcon.colcon_core.package_discovery:discover_packages(prefix_path) check parameters
[0.759s] Level 1:colcon.colcon_core.package_discovery:discover_packages(prefix_path) discover
[0.779s] DEBUG:colcon.colcon_installed_package_information.package_discovery:Found 3 installed packages in /home/luca/modulo8/install
[0.789s] DEBUG:colcon.colcon_installed_package_information.package_discovery:Found 1 installed packages in /home/luca/modulo8/ponderada-4/src/main/install
[0.806s] DEBUG:colcon.colcon_installed_package_information.package_discovery:Found 399 installed packages in /opt/ros/humble
[0.807s] Level 1:colcon.colcon_core.package_discovery:discover_packages(prefix_path) using defaults
[0.876s] Level 5:colcon.colcon_core.verb:set package 'chatbot' build argument 'cmake_args' from command line to 'None'
[0.876s] Level 5:colcon.colcon_core.verb:set package 'chatbot' build argument 'cmake_target' from command line to 'None'
[0.876s] Level 5:colcon.colcon_core.verb:set package 'chatbot' build argument 'cmake_target_skip_unavailable' from command line to 'False'
[0.876s] Level 5:colcon.colcon_core.verb:set package 'chatbot' build argument 'cmake_clean_cache' from command line to 'False'
[0.876s] Level 5:colcon.colcon_core.verb:set package 'chatbot' build argument 'cmake_clean_first' from command line to 'False'
[0.876s] Level 5:colcon.colcon_core.verb:set package 'chatbot' build argument 'cmake_force_configure' from command line to 'False'
[0.876s] Level 5:colcon.colcon_core.verb:set package 'chatbot' build argument 'ament_cmake_args' from command line to 'None'
[0.876s] Level 5:colcon.colcon_core.verb:set package 'chatbot' build argument 'catkin_cmake_args' from command line to 'None'
[0.876s] Level 5:colcon.colcon_core.verb:set package 'chatbot' build argument 'catkin_skip_building_tests' from command line to 'False'
[0.876s] DEBUG:colcon.colcon_core.verb:Building package 'chatbot' with the following arguments: {'ament_cmake_args': None, 'build_base': '/home/luca/modulo8/build/chatbot', 'catkin_cmake_args': None, 'catkin_skip_building_tests': False, 'cmake_args': None, 'cmake_clean_cache': False, 'cmake_clean_first': False, 'cmake_force_configure': False, 'cmake_target': None, 'cmake_target_skip_unavailable': False, 'install_base': '/home/luca/modulo8/install/chatbot', 'merge_install': False, 'path': '/home/luca/modulo8/ponderada-3/src/chatbot', 'symlink_install': False, 'test_result_base': None}
[0.886s] Level 5:colcon.colcon_core.verb:set package 'main' build argument 'cmake_args' from command line to 'None'
[0.886s] Level 5:colcon.colcon_core.verb:set package 'main' build argument 'cmake_target' from command line to 'None'
[0.886s] Level 5:colcon.colcon_core.verb:set package 'main' build argument 'cmake_target_skip_unavailable' from command line to 'False'
[0.886s] Level 5:colcon.colcon_core.verb:set package 'main' build argument 'cmake_clean_cache' from command line to 'False'
[0.886s] Level 5:colcon.colcon_core.verb:set package 'main' build argument 'cmake_clean_first' from command line to 'False'
[0.886s] Level 5:colcon.colcon_core.verb:set package 'main' build argument 'cmake_force_configure' from command line to 'False'
[0.886s] Level 5:colcon.colcon_core.verb:set package 'main' build argument 'ament_cmake_args' from command line to 'None'
[0.886s] Level 5:colcon.colcon_core.verb:set package 'main' build argument 'catkin_cmake_args' from command line to 'None'
[0.886s] Level 5:colcon.colcon_core.verb:set package 'main' build argument 'catkin_skip_building_tests' from command line to 'False'
[0.886s] DEBUG:colcon.colcon_core.verb:Building package 'main' with the following arguments: {'ament_cmake_args': None, 'build_base': '/home/luca/modulo8/build/main', 'catkin_cmake_args': None, 'catkin_skip_building_tests': False, 'cmake_args': None, 'cmake_clean_cache': False, 'cmake_clean_first': False, 'cmake_force_configure': False, 'cmake_target': None, 'cmake_target_skip_unavailable': False, 'install_base': '/home/luca/modulo8/install/main', 'merge_install': False, 'path': '/home/luca/modulo8/ponderada-4/src/main', 'symlink_install': False, 'test_result_base': None}
[0.895s] Level 5:colcon.colcon_core.verb:set package 'turtlebot3' build argument 'cmake_args' from command line to 'None'
[0.895s] Level 5:colcon.colcon_core.verb:set package 'turtlebot3' build argument 'cmake_target' from command line to 'None'
[0.895s] Level 5:colcon.colcon_core.verb:set package 'turtlebot3' build argument 'cmake_target_skip_unavailable' from command line to 'False'
[0.895s] Level 5:colcon.colcon_core.verb:set package 'turtlebot3' build argument 'cmake_clean_cache' from command line to 'False'
[0.896s] Level 5:colcon.colcon_core.verb:set package 'turtlebot3' build argument 'cmake_clean_first' from command line to 'False'
[0.896s] Level 5:colcon.colcon_core.verb:set package 'turtlebot3' build argument 'cmake_force_configure' from command line to 'False'
[0.896s] Level 5:colcon.colcon_core.verb:set package 'turtlebot3' build argument 'ament_cmake_args' from command line to 'None'
[0.896s] Level 5:colcon.colcon_core.verb:set package 'turtlebot3' build argument 'catkin_cmake_args' from command line to 'None'
[0.896s] Level 5:colcon.colcon_core.verb:set package 'turtlebot3' build argument 'catkin_skip_building_tests' from command line to 'False'
[0.896s] DEBUG:colcon.colcon_core.verb:Building package 'turtlebot3' with the following arguments: {'ament_cmake_args': None, 'build_base': '/home/luca/modulo8/build/turtlebot3', 'catkin_cmake_args': None, 'catkin_skip_building_tests': False, 'cmake_args': None, 'cmake_clean_cache': False, 'cmake_clean_first': False, 'cmake_force_configure': False, 'cmake_target': None, 'cmake_target_skip_unavailable': False, 'install_base': '/home/luca/modulo8/install/turtlebot3', 'merge_install': False, 'path': '/home/luca/modulo8/ponderada-2/src/turtlebot3', 'symlink_install': False, 'test_result_base': None}
[0.905s] INFO:colcon.colcon_core.executor:Executing jobs using 'parallel' executor
[0.915s] DEBUG:colcon.colcon_parallel_executor.executor.parallel:run_until_complete
[0.915s] INFO:colcon.colcon_ros.task.ament_python.build:Building ROS package in '/home/luca/modulo8/ponderada-3/src/chatbot' with build type 'ament_python'
[0.915s] Level 1:colcon.colcon_core.shell:create_environment_hook('chatbot', 'ament_prefix_path')
[0.926s] INFO:colcon.colcon_core.plugin_system:Skipping extension 'colcon_core.shell.bat': Not used on non-Windows systems
[0.927s] INFO:colcon.colcon_core.shell:Creating environment hook '/home/luca/modulo8/install/chatbot/share/chatbot/hook/ament_prefix_path.ps1'
[0.927s] INFO:colcon.colcon_core.shell:Creating environment descriptor '/home/luca/modulo8/install/chatbot/share/chatbot/hook/ament_prefix_path.dsv'
[0.927s] INFO:colcon.colcon_core.shell:Creating environment hook '/home/luca/modulo8/install/chatbot/share/chatbot/hook/ament_prefix_path.sh'
[0.938s] INFO:colcon.colcon_core.shell:Skip shell extension 'powershell' for command environment: Not usable outside of PowerShell
[0.938s] DEBUG:colcon.colcon_core.shell:Skip shell extension 'dsv' for command environment
[0.979s] INFO:colcon.colcon_ros.task.ament_python.build:Building ROS package in '/home/luca/modulo8/ponderada-4/src/main' with build type 'ament_python'
[0.980s] Level 1:colcon.colcon_core.shell:create_environment_hook('main', 'ament_prefix_path')
[0.989s] INFO:colcon.colcon_core.shell:Creating environment hook '/home/luca/modulo8/install/main/share/main/hook/ament_prefix_path.ps1'
[0.989s] INFO:colcon.colcon_core.shell:Creating environment descriptor '/home/luca/modulo8/install/main/share/main/hook/ament_prefix_path.dsv'
[0.990s] INFO:colcon.colcon_core.shell:Creating environment hook '/home/luca/modulo8/install/main/share/main/hook/ament_prefix_path.sh'
[0.999s] INFO:colcon.colcon_core.shell:Skip shell extension 'powershell' for command environment: Not usable outside of PowerShell
[0.999s] DEBUG:colcon.colcon_core.shell:Skip shell extension 'dsv' for command environment
[1.046s] INFO:colcon.colcon_ros.task.ament_python.build:Building ROS package in '/home/luca/modulo8/ponderada-2/src/turtlebot3' with build type 'ament_python'
[1.046s] Level 1:colcon.colcon_core.shell:create_environment_hook('turtlebot3', 'ament_prefix_path')
[1.061s] INFO:colcon.colcon_core.shell:Creating environment hook '/home/luca/modulo8/install/turtlebot3/share/turtlebot3/hook/ament_prefix_path.ps1'
[1.061s] INFO:colcon.colcon_core.shell:Creating environment descriptor '/home/luca/modulo8/install/turtlebot3/share/turtlebot3/hook/ament_prefix_path.dsv'
[1.062s] INFO:colcon.colcon_core.shell:Creating environment hook '/home/luca/modulo8/install/turtlebot3/share/turtlebot3/hook/ament_prefix_path.sh'
[1.076s] INFO:colcon.colcon_core.shell:Skip shell extension 'powershell' for command environment: Not usable outside of PowerShell
[1.076s] DEBUG:colcon.colcon_core.shell:Skip shell extension 'dsv' for command environment
[1.305s] INFO:colcon.colcon_core.task.python.build:Building Python package in '/home/luca/modulo8/ponderada-3/src/chatbot'
[1.315s] INFO:colcon.colcon_core.shell:Skip shell extension 'powershell' for command environment: Not usable outside of PowerShell
[1.315s] DEBUG:colcon.colcon_core.shell:Skip shell extension 'dsv' for command environment
[1.531s] INFO:colcon.colcon_core.task.python.build:Building Python package in '/home/luca/modulo8/ponderada-4/src/main'
[1.540s] INFO:colcon.colcon_core.shell:Skip shell extension 'powershell' for command environment: Not usable outside of PowerShell
[1.540s] DEBUG:colcon.colcon_core.shell:Skip shell extension 'dsv' for command environment
[1.753s] INFO:colcon.colcon_core.task.python.build:Building Python package in '/home/luca/modulo8/ponderada-2/src/turtlebot3'
[1.763s] INFO:colcon.colcon_core.shell:Skip shell extension 'powershell' for command environment: Not usable outside of PowerShell
[1.763s] DEBUG:colcon.colcon_core.shell:Skip shell extension 'dsv' for command environment
[2.076s] DEBUG:colcon.colcon_core.event_handler.log_command:Invoking command in '/home/luca/modulo8/ponderada-4/src/main': PYTHONPATH=/home/luca/modulo8/build/main/prefix_override:/home/luca/modulo8/install/main/lib/python3.10/site-packages:${PYTHONPATH} /usr/bin/python3 setup.py egg_info --egg-base ../../../build/main build --build-base /home/luca/modulo8/build/main/build install --record /home/luca/modulo8/build/main/install.log --single-version-externally-managed
[2.079s] DEBUG:colcon.colcon_core.event_handler.log_command:Invoking command in '/home/luca/modulo8/ponderada-3/src/chatbot': PYTHONPATH=/home/luca/modulo8/build/chatbot/prefix_override:/home/luca/modulo8/install/chatbot/lib/python3.10/site-packages:${PYTHONPATH} /usr/bin/python3 setup.py egg_info --egg-base ../../../build/chatbot build --build-base /home/luca/modulo8/build/chatbot/build install --record /home/luca/modulo8/build/chatbot/install.log --single-version-externally-managed
[2.080s] DEBUG:colcon.colcon_core.event_handler.log_command:Invoking command in '/home/luca/modulo8/ponderada-2/src/turtlebot3': PYTHONPATH=/home/luca/modulo8/build/turtlebot3/prefix_override:/home/luca/modulo8/install/turtlebot3/lib/python3.10/site-packages:${PYTHONPATH} /usr/bin/python3 setup.py egg_info --egg-base ../../../build/turtlebot3 build --build-base /home/luca/modulo8/build/turtlebot3/build install --record /home/luca/modulo8/build/turtlebot3/install.log --single-version-externally-managed
[2.311s] DEBUG:colcon.colcon_core.event_handler.log_command:Invoked command in '/home/luca/modulo8/ponderada-2/src/turtlebot3' returned '0': PYTHONPATH=/home/luca/modulo8/build/turtlebot3/prefix_override:/home/luca/modulo8/install/turtlebot3/lib/python3.10/site-packages:${PYTHONPATH} /usr/bin/python3 setup.py egg_info --egg-base ../../../build/turtlebot3 build --build-base /home/luca/modulo8/build/turtlebot3/build install --record /home/luca/modulo8/build/turtlebot3/install.log --single-version-externally-managed
[2.321s] Level 1:colcon.colcon_core.environment:checking '/home/luca/modulo8/install/turtlebot3' for CMake module files
[2.322s] Level 1:colcon.colcon_core.environment:checking '/home/luca/modulo8/install/turtlebot3' for CMake config files
[2.322s] Level 1:colcon.colcon_core.environment:checking '/home/luca/modulo8/install/turtlebot3/lib'
[2.322s] Level 1:colcon.colcon_core.environment:checking '/home/luca/modulo8/install/turtlebot3/bin'
[2.322s] Level 1:colcon.colcon_core.environment:checking '/home/luca/modulo8/install/turtlebot3/lib/pkgconfig/turtlebot3.pc'
[2.322s] Level 1:colcon.colcon_core.environment:checking '/home/luca/modulo8/install/turtlebot3/lib/python3.10/site-packages'
[2.322s] Level 1:colcon.colcon_core.shell:create_environment_hook('turtlebot3', 'pythonpath')
[2.332s] INFO:colcon.colcon_core.shell:Creating environment hook '/home/luca/modulo8/install/turtlebot3/share/turtlebot3/hook/pythonpath.ps1'
[2.332s] INFO:colcon.colcon_core.shell:Creating environment descriptor '/home/luca/modulo8/install/turtlebot3/share/turtlebot3/hook/pythonpath.dsv'
[2.332s] INFO:colcon.colcon_core.shell:Creating environment hook '/home/luca/modulo8/install/turtlebot3/share/turtlebot3/hook/pythonpath.sh'
[2.333s] Level 1:colcon.colcon_core.environment:checking '/home/luca/modulo8/install/turtlebot3/bin'
[2.333s] Level 1:colcon.colcon_core.environment:create_environment_scripts_only(turtlebot3)
[2.342s] INFO:colcon.colcon_core.shell:Creating package script '/home/luca/modulo8/install/turtlebot3/share/turtlebot3/package.ps1'
[2.343s] INFO:colcon.colcon_core.shell:Creating package descriptor '/home/luca/modulo8/install/turtlebot3/share/turtlebot3/package.dsv'
[2.343s] INFO:colcon.colcon_core.shell:Creating package script '/home/luca/modulo8/install/turtlebot3/share/turtlebot3/package.sh'
[2.343s] INFO:colcon.colcon_core.shell:Creating package script '/home/luca/modulo8/install/turtlebot3/share/turtlebot3/package.bash'
[2.344s] INFO:colcon.colcon_core.shell:Creating package script '/home/luca/modulo8/install/turtlebot3/share/turtlebot3/package.zsh'
[2.344s] Level 1:colcon.colcon_core.environment:create_file_with_runtime_dependencies(/home/luca/modulo8/install/turtlebot3/share/colcon-core/packages/turtlebot3)
[2.345s] DEBUG:colcon.colcon_core.event_handler.log_command:Invoked command in '/home/luca/modulo8/ponderada-3/src/chatbot' returned '0': PYTHONPATH=/home/luca/modulo8/build/chatbot/prefix_override:/home/luca/modulo8/install/chatbot/lib/python3.10/site-packages:${PYTHONPATH} /usr/bin/python3 setup.py egg_info --egg-base ../../../build/chatbot build --build-base /home/luca/modulo8/build/chatbot/build install --record /home/luca/modulo8/build/chatbot/install.log --single-version-externally-managed
[2.356s] Level 1:colcon.colcon_core.environment:checking '/home/luca/modulo8/install/chatbot' for CMake module files
[2.356s] Level 1:colcon.colcon_core.environment:checking '/home/luca/modulo8/install/chatbot' for CMake config files
[2.356s] Level 1:colcon.colcon_core.environment:checking '/home/luca/modulo8/install/chatbot/lib'
[2.356s] Level 1:colcon.colcon_core.environment:checking '/home/luca/modulo8/install/chatbot/bin'
[2.356s] Level 1:colcon.colcon_core.environment:checking '/home/luca/modulo8/install/chatbot/lib/pkgconfig/chatbot.pc'
[2.357s] Level 1:colcon.colcon_core.environment:checking '/home/luca/modulo8/install/chatbot/lib/python3.10/site-packages'
[2.357s] Level 1:colcon.colcon_core.shell:create_environment_hook('chatbot', 'pythonpath')
[2.367s] INFO:colcon.colcon_core.shell:Creating environment hook '/home/luca/modulo8/install/chatbot/share/chatbot/hook/pythonpath.ps1'
[2.367s] INFO:colcon.colcon_core.shell:Creating environment descriptor '/home/luca/modulo8/install/chatbot/share/chatbot/hook/pythonpath.dsv'
[2.367s] INFO:colcon.colcon_core.shell:Creating environment hook '/home/luca/modulo8/install/chatbot/share/chatbot/hook/pythonpath.sh'
[2.367s] Level 1:colcon.colcon_core.environment:checking '/home/luca/modulo8/install/chatbot/bin'
[2.368s] Level 1:colcon.colcon_core.environment:create_environment_scripts_only(chatbot)
[2.377s] INFO:colcon.colcon_core.shell:Creating package script '/home/luca/modulo8/install/chatbot/share/chatbot/package.ps1'
[2.378s] INFO:colcon.colcon_core.shell:Creating package descriptor '/home/luca/modulo8/install/chatbot/share/chatbot/package.dsv'
[2.378s] INFO:colcon.colcon_core.shell:Creating package script '/home/luca/modulo8/install/chatbot/share/chatbot/package.sh'
[2.378s] INFO:colcon.colcon_core.shell:Creating package script '/home/luca/modulo8/install/chatbot/share/chatbot/package.bash'
[2.378s] INFO:colcon.colcon_core.shell:Creating package script '/home/luca/modulo8/install/chatbot/share/chatbot/package.zsh'
[2.378s] Level 1:colcon.colcon_core.environment:create_file_with_runtime_dependencies(/home/luca/modulo8/install/chatbot/share/colcon-core/packages/chatbot)
[2.379s] DEBUG:colcon.colcon_core.event_handler.log_command:Invoked command in '/home/luca/modulo8/ponderada-4/src/main' returned '0': PYTHONPATH=/home/luca/modulo8/build/main/prefix_override:/home/luca/modulo8/install/main/lib/python3.10/site-packages:${PYTHONPATH} /usr/bin/python3 setup.py egg_info --egg-base ../../../build/main build --build-base /home/luca/modulo8/build/main/build install --record /home/luca/modulo8/build/main/install.log --single-version-externally-managed
[2.389s] Level 1:colcon.colcon_core.environment:checking '/home/luca/modulo8/install/main' for CMake module files
[2.389s] Level 1:colcon.colcon_core.environment:checking '/home/luca/modulo8/install/main' for CMake config files
[2.390s] Level 1:colcon.colcon_core.environment:checking '/home/luca/modulo8/install/main/lib'
[2.390s] Level 1:colcon.colcon_core.environment:checking '/home/luca/modulo8/install/main/bin'
[2.390s] Level 1:colcon.colcon_core.environment:checking '/home/luca/modulo8/install/main/lib/pkgconfig/main.pc'
[2.390s] Level 1:colcon.colcon_core.environment:checking '/home/luca/modulo8/install/main/lib/python3.10/site-packages'
[2.390s] Level 1:colcon.colcon_core.shell:create_environment_hook('main', 'pythonpath')
[2.400s] INFO:colcon.colcon_core.shell:Creating environment hook '/home/luca/modulo8/install/main/share/main/hook/pythonpath.ps1'
[2.400s] INFO:colcon.colcon_core.shell:Creating environment descriptor '/home/luca/modulo8/install/main/share/main/hook/pythonpath.dsv'
[2.401s] INFO:colcon.colcon_core.shell:Creating environment hook '/home/luca/modulo8/install/main/share/main/hook/pythonpath.sh'
[2.401s] Level 1:colcon.colcon_core.environment:checking '/home/luca/modulo8/install/main/bin'
[2.401s] Level 1:colcon.colcon_core.environment:create_environment_scripts_only(main)
[2.419s] INFO:colcon.colcon_core.shell:Creating package script '/home/luca/modulo8/install/main/share/main/package.ps1'
[2.420s] INFO:colcon.colcon_core.shell:Creating package descriptor '/home/luca/modulo8/install/main/share/main/package.dsv'
[2.420s] INFO:colcon.colcon_core.shell:Creating package script '/home/luca/modulo8/install/main/share/main/package.sh'
[2.420s] INFO:colcon.colcon_core.shell:Creating package script '/home/luca/modulo8/install/main/share/main/package.bash'
[2.421s] INFO:colcon.colcon_core.shell:Creating package script '/home/luca/modulo8/install/main/share/main/package.zsh'
[2.421s] Level 1:colcon.colcon_core.environment:create_file_with_runtime_dependencies(/home/luca/modulo8/install/main/share/colcon-core/packages/main)
[2.421s] DEBUG:colcon.colcon_parallel_executor.executor.parallel:closing loop
[2.421s] DEBUG:colcon.colcon_parallel_executor.executor.parallel:loop closed
[2.421s] DEBUG:colcon.colcon_parallel_executor.executor.parallel:run_until_complete finished with '0'
[2.421s] DEBUG:colcon.colcon_core.event_reactor:joining thread
[2.433s] INFO:colcon.colcon_core.plugin_system:Skipping extension 'colcon_notification.desktop_notification.terminal_notifier': Not used on non-Darwin systems
[2.434s] INFO:colcon.colcon_core.plugin_system:Skipping extension 'colcon_notification.desktop_notification.win32': Not used on non-Windows systems
[2.434s] INFO:colcon.colcon_notification.desktop_notification:Sending desktop notification using 'notify2'
[2.441s] DEBUG:colcon.colcon_core.event_reactor:joined thread
[2.451s] INFO:colcon.colcon_core.shell:Creating prefix script '/home/luca/modulo8/install/local_setup.ps1'
[2.451s] INFO:colcon.colcon_core.shell:Creating prefix util module '/home/luca/modulo8/install/_local_setup_util_ps1.py'
[2.452s] INFO:colcon.colcon_core.shell:Creating prefix chain script '/home/luca/modulo8/install/setup.ps1'
[2.462s] INFO:colcon.colcon_core.shell:Creating prefix script '/home/luca/modulo8/install/local_setup.sh'
[2.462s] INFO:colcon.colcon_core.shell:Creating prefix util module '/home/luca/modulo8/install/_local_setup_util_sh.py'
[2.463s] INFO:colcon.colcon_core.shell:Creating prefix chain script '/home/luca/modulo8/install/setup.sh'
[2.473s] INFO:colcon.colcon_core.shell:Creating prefix script '/home/luca/modulo8/install/local_setup.bash'
[2.473s] INFO:colcon.colcon_core.shell:Creating prefix chain script '/home/luca/modulo8/install/setup.bash'
[2.483s] INFO:colcon.colcon_core.shell:Creating prefix script '/home/luca/modulo8/install/local_setup.zsh'
[2.484s] INFO:colcon.colcon_core.shell:Creating prefix chain script '/home/luca/modulo8/install/setup.zsh'
