running egg_info
creating ../../build/chatbot/pond3.egg-info
writing ../../build/chatbot/pond3.egg-info/PKG-INFO
writing dependency_links to ../../build/chatbot/pond3.egg-info/dependency_links.txt
writing entry points to ../../build/chatbot/pond3.egg-info/entry_points.txt
writing requirements to ../../build/chatbot/pond3.egg-info/requires.txt
writing top-level names to ../../build/chatbot/pond3.egg-info/top_level.txt
writing manifest file '../../build/chatbot/pond3.egg-info/SOURCES.txt'
reading manifest file '../../build/chatbot/pond3.egg-info/SOURCES.txt'
writing manifest file '../../build/chatbot/pond3.egg-info/SOURCES.txt'
running build
running build_py
creating /home/luca/modulo8/ponderada-3/build/chatbot/build
creating /home/luca/modulo8/ponderada-3/build/chatbot/build/lib
creating /home/luca/modulo8/ponderada-3/build/chatbot/build/lib/chatbot
copying chatbot/__init__.py -> /home/luca/modulo8/ponderada-3/build/chatbot/build/lib/chatbot
copying chatbot/chatbot.py -> /home/luca/modulo8/ponderada-3/build/chatbot/build/lib/chatbot
running install
running install_lib
creating /home/luca/modulo8/ponderada-3/install/chatbot/lib/python3.10/site-packages/chatbot
copying /home/luca/modulo8/ponderada-3/build/chatbot/build/lib/chatbot/__init__.py -> /home/luca/modulo8/ponderada-3/install/chatbot/lib/python3.10/site-packages/chatbot
copying /home/luca/modulo8/ponderada-3/build/chatbot/build/lib/chatbot/chatbot.py -> /home/luca/modulo8/ponderada-3/install/chatbot/lib/python3.10/site-packages/chatbot
byte-compiling /home/luca/modulo8/ponderada-3/install/chatbot/lib/python3.10/site-packages/chatbot/__init__.py to __init__.cpython-310.pyc
byte-compiling /home/luca/modulo8/ponderada-3/install/chatbot/lib/python3.10/site-packages/chatbot/chatbot.py to chatbot.cpython-310.pyc
running install_data
error: can't copy 'resource/pond3': doesn't exist or not a regular file
