[0.950s] Invoking command in '/home/luca/modulo8/ponderada-2/src/turtlebot3': PYTHONPATH=/home/luca/modulo8/build/turtlebot3/prefix_override:/home/luca/modulo8/install/turtlebot3/lib/python3.10/site-packages:${PYTHONPATH} /usr/bin/python3 setup.py egg_info --egg-base ../../../build/turtlebot3 build --build-base /home/luca/modulo8/build/turtlebot3/build install --record /home/luca/modulo8/build/turtlebot3/install.log --single-version-externally-managed
[1.122s] running egg_info
[1.122s] creating ../../../build/turtlebot3/turtlebot3.egg-info
[1.122s] writing ../../../build/turtlebot3/turtlebot3.egg-info/PKG-INFO
[1.122s] writing dependency_links to ../../../build/turtlebot3/turtlebot3.egg-info/dependency_links.txt
[1.123s] writing entry points to ../../../build/turtlebot3/turtlebot3.egg-info/entry_points.txt
[1.123s] writing requirements to ../../../build/turtlebot3/turtlebot3.egg-info/requires.txt
[1.123s] writing top-level names to ../../../build/turtlebot3/turtlebot3.egg-info/top_level.txt
[1.123s] writing manifest file '../../../build/turtlebot3/turtlebot3.egg-info/SOURCES.txt'
[1.124s] reading manifest file '../../../build/turtlebot3/turtlebot3.egg-info/SOURCES.txt'
[1.124s] writing manifest file '../../../build/turtlebot3/turtlebot3.egg-info/SOURCES.txt'
[1.124s] running build
[1.125s] running build_py
[1.125s] creating /home/luca/modulo8/build/turtlebot3/build
[1.125s] creating /home/luca/modulo8/build/turtlebot3/build/lib
[1.125s] creating /home/luca/modulo8/build/turtlebot3/build/lib/turtlebot3
[1.125s] copying turtlebot3/__init__.py -> /home/luca/modulo8/build/turtlebot3/build/lib/turtlebot3
[1.125s] copying turtlebot3/turtlebot3.py -> /home/luca/modulo8/build/turtlebot3/build/lib/turtlebot3
[1.126s] running install
[1.126s] running install_lib
[1.127s] creating /home/luca/modulo8/install/turtlebot3/lib/python3.10/site-packages/turtlebot3
[1.127s] copying /home/luca/modulo8/build/turtlebot3/build/lib/turtlebot3/__init__.py -> /home/luca/modulo8/install/turtlebot3/lib/python3.10/site-packages/turtlebot3
[1.127s] copying /home/luca/modulo8/build/turtlebot3/build/lib/turtlebot3/turtlebot3.py -> /home/luca/modulo8/install/turtlebot3/lib/python3.10/site-packages/turtlebot3
[1.127s] byte-compiling /home/luca/modulo8/install/turtlebot3/lib/python3.10/site-packages/turtlebot3/__init__.py to __init__.cpython-310.pyc
[1.127s] byte-compiling /home/luca/modulo8/install/turtlebot3/lib/python3.10/site-packages/turtlebot3/turtlebot3.py to turtlebot3.cpython-310.pyc
[1.128s] running install_data
[1.128s] creating /home/luca/modulo8/install/turtlebot3/share/ament_index
[1.128s] creating /home/luca/modulo8/install/turtlebot3/share/ament_index/resource_index
[1.128s] creating /home/luca/modulo8/install/turtlebot3/share/ament_index/resource_index/packages
[1.128s] copying resource/turtlebot3 -> /home/luca/modulo8/install/turtlebot3/share/ament_index/resource_index/packages
[1.128s] copying package.xml -> /home/luca/modulo8/install/turtlebot3/share/turtlebot3
[1.128s] creating /home/luca/modulo8/install/turtlebot3/share/turtlebot3/launch
[1.128s] copying launch/movementlaunch.py -> /home/luca/modulo8/install/turtlebot3/share/turtlebot3/launch
[1.128s] copying launch/launch.py -> /home/luca/modulo8/install/turtlebot3/share/turtlebot3/launch
[1.128s] running install_egg_info
[1.130s] Copying ../../../build/turtlebot3/turtlebot3.egg-info to /home/luca/modulo8/install/turtlebot3/lib/python3.10/site-packages/turtlebot3-0.0.0-py3.10.egg-info
[1.130s] running install_scripts
[1.143s] Installing turtlebot3 script to /home/luca/modulo8/install/turtlebot3/lib/turtlebot3
[1.143s] writing list of installed files to '/home/luca/modulo8/build/turtlebot3/install.log'
[1.168s] Invoked command in '/home/luca/modulo8/ponderada-2/src/turtlebot3' returned '0': PYTHONPATH=/home/luca/modulo8/build/turtlebot3/prefix_override:/home/luca/modulo8/install/turtlebot3/lib/python3.10/site-packages:${PYTHONPATH} /usr/bin/python3 setup.py egg_info --egg-base ../../../build/turtlebot3 build --build-base /home/luca/modulo8/build/turtlebot3/build install --record /home/luca/modulo8/build/turtlebot3/install.log --single-version-externally-managed
