[0.512s] Invoking command in '/home/luca/modulo8/ponderada-2/src/turtlebot3': PYTHONPATH=/home/luca/modulo8/ponderada-2/src/turtlebot3/build/turtlebot3/prefix_override:/home/luca/modulo8/ponderada-2/src/turtlebot3/install/turtlebot3/lib/python3.10/site-packages:${PYTHONPATH} /usr/bin/python3 setup.py egg_info --egg-base build/turtlebot3 build --build-base /home/luca/modulo8/ponderada-2/src/turtlebot3/build/turtlebot3/build install --record /home/luca/modulo8/ponderada-2/src/turtlebot3/build/turtlebot3/install.log --single-version-externally-managed
[0.657s] running egg_info
[0.657s] creating build/turtlebot3/turtlebot3.egg-info
[0.658s] writing build/turtlebot3/turtlebot3.egg-info/PKG-INFO
[0.658s] writing dependency_links to build/turtlebot3/turtlebot3.egg-info/dependency_links.txt
[0.658s] writing entry points to build/turtlebot3/turtlebot3.egg-info/entry_points.txt
[0.658s] writing requirements to build/turtlebot3/turtlebot3.egg-info/requires.txt
[0.658s] writing top-level names to build/turtlebot3/turtlebot3.egg-info/top_level.txt
[0.658s] writing manifest file 'build/turtlebot3/turtlebot3.egg-info/SOURCES.txt'
[0.659s] reading manifest file 'build/turtlebot3/turtlebot3.egg-info/SOURCES.txt'
[0.660s] writing manifest file 'build/turtlebot3/turtlebot3.egg-info/SOURCES.txt'
[0.660s] running build
[0.660s] running build_py
[0.660s] creating /home/luca/modulo8/ponderada-2/src/turtlebot3/build/turtlebot3/build
[0.660s] creating /home/luca/modulo8/ponderada-2/src/turtlebot3/build/turtlebot3/build/lib
[0.660s] creating /home/luca/modulo8/ponderada-2/src/turtlebot3/build/turtlebot3/build/lib/turtlebot3
[0.661s] copying turtlebot3/__init__.py -> /home/luca/modulo8/ponderada-2/src/turtlebot3/build/turtlebot3/build/lib/turtlebot3
[0.661s] copying turtlebot3/turtlebot3.py -> /home/luca/modulo8/ponderada-2/src/turtlebot3/build/turtlebot3/build/lib/turtlebot3
[0.661s] running install
[0.661s] running install_lib
[0.661s] creating /home/luca/modulo8/ponderada-2/src/turtlebot3/install/turtlebot3/lib/python3.10/site-packages/turtlebot3
[0.661s] copying /home/luca/modulo8/ponderada-2/src/turtlebot3/build/turtlebot3/build/lib/turtlebot3/__init__.py -> /home/luca/modulo8/ponderada-2/src/turtlebot3/install/turtlebot3/lib/python3.10/site-packages/turtlebot3
[0.661s] copying /home/luca/modulo8/ponderada-2/src/turtlebot3/build/turtlebot3/build/lib/turtlebot3/turtlebot3.py -> /home/luca/modulo8/ponderada-2/src/turtlebot3/install/turtlebot3/lib/python3.10/site-packages/turtlebot3
[0.661s] byte-compiling /home/luca/modulo8/ponderada-2/src/turtlebot3/install/turtlebot3/lib/python3.10/site-packages/turtlebot3/__init__.py to __init__.cpython-310.pyc
[0.662s] byte-compiling /home/luca/modulo8/ponderada-2/src/turtlebot3/install/turtlebot3/lib/python3.10/site-packages/turtlebot3/turtlebot3.py to turtlebot3.cpython-310.pyc
[0.662s] running install_data
[0.662s] creating /home/luca/modulo8/ponderada-2/src/turtlebot3/install/turtlebot3/share/ament_index
[0.662s] creating /home/luca/modulo8/ponderada-2/src/turtlebot3/install/turtlebot3/share/ament_index/resource_index
[0.662s] creating /home/luca/modulo8/ponderada-2/src/turtlebot3/install/turtlebot3/share/ament_index/resource_index/packages
[0.663s] copying resource/turtlebot3 -> /home/luca/modulo8/ponderada-2/src/turtlebot3/install/turtlebot3/share/ament_index/resource_index/packages
[0.663s] copying package.xml -> /home/luca/modulo8/ponderada-2/src/turtlebot3/install/turtlebot3/share/turtlebot3
[0.663s] creating /home/luca/modulo8/ponderada-2/src/turtlebot3/install/turtlebot3/share/turtlebot3/launch
[0.663s] copying launch/movementlaunch.py -> /home/luca/modulo8/ponderada-2/src/turtlebot3/install/turtlebot3/share/turtlebot3/launch
[0.663s] copying launch/launch.py -> /home/luca/modulo8/ponderada-2/src/turtlebot3/install/turtlebot3/share/turtlebot3/launch
[0.663s] running install_egg_info
[0.664s] Copying build/turtlebot3/turtlebot3.egg-info to /home/luca/modulo8/ponderada-2/src/turtlebot3/install/turtlebot3/lib/python3.10/site-packages/turtlebot3-0.0.0-py3.10.egg-info
[0.664s] running install_scripts
[0.676s] Installing turtlebot3 script to /home/luca/modulo8/ponderada-2/src/turtlebot3/install/turtlebot3/lib/turtlebot3
[0.676s] writing list of installed files to '/home/luca/modulo8/ponderada-2/src/turtlebot3/build/turtlebot3/install.log'
[0.691s] Invoked command in '/home/luca/modulo8/ponderada-2/src/turtlebot3' returned '0': PYTHONPATH=/home/luca/modulo8/ponderada-2/src/turtlebot3/build/turtlebot3/prefix_override:/home/luca/modulo8/ponderada-2/src/turtlebot3/install/turtlebot3/lib/python3.10/site-packages:${PYTHONPATH} /usr/bin/python3 setup.py egg_info --egg-base build/turtlebot3 build --build-base /home/luca/modulo8/ponderada-2/src/turtlebot3/build/turtlebot3/build install --record /home/luca/modulo8/ponderada-2/src/turtlebot3/build/turtlebot3/install.log --single-version-externally-managed
