[1.075s] Invoking command in '/home/luca/modulo8/ponderada-4/src/main': PYTHONPATH=/home/luca/modulo8/build/main/prefix_override:/home/luca/modulo8/install/main/lib/python3.10/site-packages:${PYTHONPATH} /usr/bin/python3 setup.py egg_info --egg-base ../../../build/main build --build-base /home/luca/modulo8/build/main/build install --record /home/luca/modulo8/build/main/install.log --single-version-externally-managed
[1.258s] running egg_info
[1.259s] writing ../../../build/main/main.egg-info/PKG-INFO
[1.259s] writing dependency_links to ../../../build/main/main.egg-info/dependency_links.txt
[1.259s] writing entry points to ../../../build/main/main.egg-info/entry_points.txt
[1.259s] writing requirements to ../../../build/main/main.egg-info/requires.txt
[1.259s] writing top-level names to ../../../build/main/main.egg-info/top_level.txt
[1.261s] reading manifest file '../../../build/main/main.egg-info/SOURCES.txt'
[1.261s] writing manifest file '../../../build/main/main.egg-info/SOURCES.txt'
[1.261s] running build
[1.262s] running build_py
[1.262s] copying main/integration.py -> /home/luca/modulo8/build/main/build/lib/main
[1.262s] running install
[1.262s] running install_lib
[1.263s] copying /home/luca/modulo8/build/main/build/lib/main/integration.py -> /home/luca/modulo8/install/main/lib/python3.10/site-packages/main
[1.263s] byte-compiling /home/luca/modulo8/install/main/lib/python3.10/site-packages/main/integration.py to integration.cpython-310.pyc
[1.263s] running install_data
[1.264s] running install_egg_info
[1.265s] removing '/home/luca/modulo8/install/main/lib/python3.10/site-packages/main-0.0.0-py3.10.egg-info' (and everything under it)
[1.265s] Copying ../../../build/main/main.egg-info to /home/luca/modulo8/install/main/lib/python3.10/site-packages/main-0.0.0-py3.10.egg-info
[1.266s] running install_scripts
[1.280s] Installing main script to /home/luca/modulo8/install/main/lib/main
[1.281s] writing list of installed files to '/home/luca/modulo8/build/main/install.log'
[1.339s] Invoked command in '/home/luca/modulo8/ponderada-4/src/main' returned '0': PYTHONPATH=/home/luca/modulo8/build/main/prefix_override:/home/luca/modulo8/install/main/lib/python3.10/site-packages:${PYTHONPATH} /usr/bin/python3 setup.py egg_info --egg-base ../../../build/main build --build-base /home/luca/modulo8/build/main/build install --record /home/luca/modulo8/build/main/install.log --single-version-externally-managed
