[1.096s] Invoking command in '/home/luca/modulo8/ponderada-4/src/main': PYTHONPATH=/home/luca/modulo8/build/main/prefix_override:/home/luca/modulo8/install/main/lib/python3.10/site-packages:${PYTHONPATH} /usr/bin/python3 setup.py egg_info --egg-base ../../../build/main build --build-base /home/luca/modulo8/build/main/build install --record /home/luca/modulo8/build/main/install.log --single-version-externally-managed
[1.286s] running egg_info
[1.286s] writing ../../../build/main/main.egg-info/PKG-INFO
[1.286s] writing dependency_links to ../../../build/main/main.egg-info/dependency_links.txt
[1.287s] writing entry points to ../../../build/main/main.egg-info/entry_points.txt
[1.287s] writing requirements to ../../../build/main/main.egg-info/requires.txt
[1.287s] writing top-level names to ../../../build/main/main.egg-info/top_level.txt
[1.289s] reading manifest file '../../../build/main/main.egg-info/SOURCES.txt'
[1.289s] writing manifest file '../../../build/main/main.egg-info/SOURCES.txt'
[1.289s] running build
[1.289s] running build_py
[1.289s] copying main/integration.py -> /home/luca/modulo8/build/main/build/lib/main
[1.289s] running install
[1.290s] running install_lib
[1.290s] copying /home/luca/modulo8/build/main/build/lib/main/integration.py -> /home/luca/modulo8/install/main/lib/python3.10/site-packages/main
[1.290s] byte-compiling /home/luca/modulo8/install/main/lib/python3.10/site-packages/main/integration.py to integration.cpython-310.pyc
[1.291s] running install_data
[1.291s] running install_egg_info
[1.292s] removing '/home/luca/modulo8/install/main/lib/python3.10/site-packages/main-0.0.0-py3.10.egg-info' (and everything under it)
[1.292s] Copying ../../../build/main/main.egg-info to /home/luca/modulo8/install/main/lib/python3.10/site-packages/main-0.0.0-py3.10.egg-info
[1.293s] running install_scripts
[1.307s] Installing main script to /home/luca/modulo8/install/main/lib/main
[1.307s] writing list of installed files to '/home/luca/modulo8/build/main/install.log'
[1.400s] Invoked command in '/home/luca/modulo8/ponderada-4/src/main' returned '0': PYTHONPATH=/home/luca/modulo8/build/main/prefix_override:/home/luca/modulo8/install/main/lib/python3.10/site-packages:${PYTHONPATH} /usr/bin/python3 setup.py egg_info --egg-base ../../../build/main build --build-base /home/luca/modulo8/build/main/build install --record /home/luca/modulo8/build/main/install.log --single-version-externally-managed
