[0.772s] DEBUG:colcon:Command line arguments: ['/usr/bin/colcon', 'build']
[0.772s] DEBUG:colcon:Parsed command line arguments: Namespace(log_base=None, log_level=None, verb_name='build', build_base='build', install_base='install', merge_install=False, symlink_install=False, test_result_base=None, continue_on_error=False, executor='parallel', parallel_workers=8, event_handlers=None, ignore_user_meta=False, metas=['./colcon.meta'], base_paths=['.'], packages_ignore=None, packages_ignore_regex=None, paths=None, packages_up_to=None, packages_up_to_regex=None, packages_above=None, packages_above_and_dependencies=None, packages_above_depth=None, packages_select_by_dep=None, packages_skip_by_dep=None, packages_skip_up_to=None, packages_select_build_failed=False, packages_skip_build_finished=False, packages_select_test_failures=False, packages_skip_test_passed=False, packages_select=None, packages_skip=None, packages_select_regex=None, packages_skip_regex=None, packages_start=None, packages_end=None, allow_overriding=[], cmake_args=None, cmake_target=None, cmake_target_skip_unavailable=False, cmake_clean_cache=False, cmake_clean_first=False, cmake_force_configure=False, ament_cmake_args=None, catkin_cmake_args=None, catkin_skip_building_tests=False, verb_parser=<colcon_defaults.argument_parser.defaults.DefaultArgumentsDecorator object at 0x7fdbefba3f40>, verb_extension=<colcon_core.verb.build.BuildVerb object at 0x7fdbefba0760>, main=<bound method BuildVerb.main of <colcon_core.verb.build.BuildVerb object at 0x7fdbefba0760>>)
[0.827s] Level 1:colcon.colcon_core.package_discovery:discover_packages(colcon_meta) check parameters
[0.827s] Level 1:colcon.colcon_core.package_discovery:discover_packages(recursive) check parameters
[0.827s] Level 1:colcon.colcon_core.package_discovery:discover_packages(ignore) check parameters
[0.827s] Level 1:colcon.colcon_core.package_discovery:discover_packages(path) check parameters
[0.827s] Level 1:colcon.colcon_core.package_discovery:discover_packages(colcon_meta) discover
[0.828s] Level 1:colcon.colcon_core.package_discovery:discover_packages(recursive) discover
[0.828s] INFO:colcon.colcon_core.package_discovery:Crawling recursively for packages in '/home/luca/modulo8/ponderada-2'
[0.828s] Level 1:colcon.colcon_core.package_identification:_identify(.) by extensions ['ignore', 'ignore_ament_install']
[0.828s] Level 1:colcon.colcon_core.package_identification:_identify(.) by extension 'ignore'
[0.828s] Level 1:colcon.colcon_core.package_identification:_identify(.) by extension 'ignore_ament_install'
[0.828s] Level 1:colcon.colcon_core.package_identification:_identify(.) by extensions ['colcon_pkg']
[0.828s] Level 1:colcon.colcon_core.package_identification:_identify(.) by extension 'colcon_pkg'
[0.828s] Level 1:colcon.colcon_core.package_identification:_identify(.) by extensions ['colcon_meta']
[0.828s] Level 1:colcon.colcon_core.package_identification:_identify(.) by extension 'colcon_meta'
[0.828s] Level 1:colcon.colcon_core.package_identification:_identify(.) by extensions ['ros']
[0.828s] Level 1:colcon.colcon_core.package_identification:_identify(.) by extension 'ros'
[0.838s] Level 1:colcon.colcon_core.package_identification:_identify(.) by extensions ['cmake', 'python']
[0.838s] Level 1:colcon.colcon_core.package_identification:_identify(.) by extension 'cmake'
[0.838s] Level 1:colcon.colcon_core.package_identification:_identify(.) by extension 'python'
[0.838s] Level 1:colcon.colcon_core.package_identification:_identify(.) by extensions ['python_setup_py']
[0.838s] Level 1:colcon.colcon_core.package_identification:_identify(.) by extension 'python_setup_py'
[0.838s] Level 1:colcon.colcon_core.package_identification:_identify(build) by extensions ['ignore', 'ignore_ament_install']
[0.838s] Level 1:colcon.colcon_core.package_identification:_identify(build) by extension 'ignore'
[0.838s] Level 1:colcon.colcon_core.package_identification:_identify(build) ignored
[0.838s] Level 1:colcon.colcon_core.package_identification:_identify(install) by extensions ['ignore', 'ignore_ament_install']
[0.838s] Level 1:colcon.colcon_core.package_identification:_identify(install) by extension 'ignore'
[0.838s] Level 1:colcon.colcon_core.package_identification:_identify(install) ignored
[0.838s] Level 1:colcon.colcon_core.package_identification:_identify(log) by extensions ['ignore', 'ignore_ament_install']
[0.838s] Level 1:colcon.colcon_core.package_identification:_identify(log) by extension 'ignore'
[0.839s] Level 1:colcon.colcon_core.package_identification:_identify(log) ignored
[0.839s] Level 1:colcon.colcon_core.package_identification:_identify(src) by extensions ['ignore', 'ignore_ament_install']
[0.839s] Level 1:colcon.colcon_core.package_identification:_identify(src) by extension 'ignore'
[0.839s] Level 1:colcon.colcon_core.package_identification:_identify(src) by extension 'ignore_ament_install'
[0.839s] Level 1:colcon.colcon_core.package_identification:_identify(src) by extensions ['colcon_pkg']
[0.839s] Level 1:colcon.colcon_core.package_identification:_identify(src) by extension 'colcon_pkg'
[0.839s] Level 1:colcon.colcon_core.package_identification:_identify(src) by extensions ['colcon_meta']
[0.839s] Level 1:colcon.colcon_core.package_identification:_identify(src) by extension 'colcon_meta'
[0.839s] Level 1:colcon.colcon_core.package_identification:_identify(src) by extensions ['ros']
[0.839s] Level 1:colcon.colcon_core.package_identification:_identify(src) by extension 'ros'
[0.839s] Level 1:colcon.colcon_core.package_identification:_identify(src) by extensions ['cmake', 'python']
[0.839s] Level 1:colcon.colcon_core.package_identification:_identify(src) by extension 'cmake'
[0.839s] Level 1:colcon.colcon_core.package_identification:_identify(src) by extension 'python'
[0.839s] Level 1:colcon.colcon_core.package_identification:_identify(src) by extensions ['python_setup_py']
[0.839s] Level 1:colcon.colcon_core.package_identification:_identify(src) by extension 'python_setup_py'
[0.839s] Level 1:colcon.colcon_core.package_identification:_identify(src/build) by extensions ['ignore', 'ignore_ament_install']
[0.839s] Level 1:colcon.colcon_core.package_identification:_identify(src/build) by extension 'ignore'
[0.839s] Level 1:colcon.colcon_core.package_identification:_identify(src/build) ignored
[0.839s] Level 1:colcon.colcon_core.package_identification:_identify(src/chatbot) by extensions ['ignore', 'ignore_ament_install']
[0.839s] Level 1:colcon.colcon_core.package_identification:_identify(src/chatbot) by extension 'ignore'
[0.839s] Level 1:colcon.colcon_core.package_identification:_identify(src/chatbot) by extension 'ignore_ament_install'
[0.840s] Level 1:colcon.colcon_core.package_identification:_identify(src/chatbot) by extensions ['colcon_pkg']
[0.840s] Level 1:colcon.colcon_core.package_identification:_identify(src/chatbot) by extension 'colcon_pkg'
[0.840s] Level 1:colcon.colcon_core.package_identification:_identify(src/chatbot) by extensions ['colcon_meta']
[0.840s] Level 1:colcon.colcon_core.package_identification:_identify(src/chatbot) by extension 'colcon_meta'
[0.840s] Level 1:colcon.colcon_core.package_identification:_identify(src/chatbot) by extensions ['ros']
[0.840s] Level 1:colcon.colcon_core.package_identification:_identify(src/chatbot) by extension 'ros'
[0.842s] DEBUG:colcon.colcon_core.package_identification:Package 'src/chatbot' with type 'ros.ament_python' and name 'chatbot'
[0.842s] Level 1:colcon.colcon_core.package_identification:_identify(src/install) by extensions ['ignore', 'ignore_ament_install']
[0.842s] Level 1:colcon.colcon_core.package_identification:_identify(src/install) by extension 'ignore'
[0.842s] Level 1:colcon.colcon_core.package_identification:_identify(src/install) ignored
[0.842s] Level 1:colcon.colcon_core.package_identification:_identify(src/log) by extensions ['ignore', 'ignore_ament_install']
[0.842s] Level 1:colcon.colcon_core.package_identification:_identify(src/log) by extension 'ignore'
[0.842s] Level 1:colcon.colcon_core.package_identification:_identify(src/log) ignored
[0.842s] Level 1:colcon.colcon_core.package_identification:_identify(src/turtlebot3) by extensions ['ignore', 'ignore_ament_install']
[0.842s] Level 1:colcon.colcon_core.package_identification:_identify(src/turtlebot3) by extension 'ignore'
[0.842s] Level 1:colcon.colcon_core.package_identification:_identify(src/turtlebot3) by extension 'ignore_ament_install'
[0.842s] Level 1:colcon.colcon_core.package_identification:_identify(src/turtlebot3) by extensions ['colcon_pkg']
[0.842s] Level 1:colcon.colcon_core.package_identification:_identify(src/turtlebot3) by extension 'colcon_pkg'
[0.842s] Level 1:colcon.colcon_core.package_identification:_identify(src/turtlebot3) by extensions ['colcon_meta']
[0.843s] Level 1:colcon.colcon_core.package_identification:_identify(src/turtlebot3) by extension 'colcon_meta'
[0.843s] Level 1:colcon.colcon_core.package_identification:_identify(src/turtlebot3) by extensions ['ros']
[0.843s] Level 1:colcon.colcon_core.package_identification:_identify(src/turtlebot3) by extension 'ros'
[0.843s] DEBUG:colcon.colcon_core.package_identification:Package 'src/turtlebot3' with type 'ros.ament_python' and name 'turtlebot3'
[0.843s] Level 1:colcon.colcon_core.package_discovery:discover_packages(recursive) using defaults
[0.843s] Level 1:colcon.colcon_core.package_discovery:discover_packages(ignore) discover
[0.843s] Level 1:colcon.colcon_core.package_discovery:discover_packages(ignore) using defaults
[0.843s] Level 1:colcon.colcon_core.package_discovery:discover_packages(path) discover
[0.843s] Level 1:colcon.colcon_core.package_discovery:discover_packages(path) using defaults
[0.916s] Level 1:colcon.colcon_core.package_discovery:discover_packages(prefix_path) check parameters
[0.916s] Level 1:colcon.colcon_core.package_discovery:discover_packages(prefix_path) discover
[0.939s] DEBUG:colcon.colcon_installed_package_information.package_discovery:Found 1 installed packages in /home/luca/modulo8/ponderada-2/src/turtlebot3/install
[0.951s] DEBUG:colcon.colcon_installed_package_information.package_discovery:Found 399 installed packages in /opt/ros/humble
[0.952s] Level 1:colcon.colcon_core.package_discovery:discover_packages(prefix_path) using defaults
[1.048s] Level 5:colcon.colcon_core.verb:set package 'chatbot' build argument 'cmake_args' from command line to 'None'
[1.048s] Level 5:colcon.colcon_core.verb:set package 'chatbot' build argument 'cmake_target' from command line to 'None'
[1.048s] Level 5:colcon.colcon_core.verb:set package 'chatbot' build argument 'cmake_target_skip_unavailable' from command line to 'False'
[1.048s] Level 5:colcon.colcon_core.verb:set package 'chatbot' build argument 'cmake_clean_cache' from command line to 'False'
[1.048s] Level 5:colcon.colcon_core.verb:set package 'chatbot' build argument 'cmake_clean_first' from command line to 'False'
[1.048s] Level 5:colcon.colcon_core.verb:set package 'chatbot' build argument 'cmake_force_configure' from command line to 'False'
[1.048s] Level 5:colcon.colcon_core.verb:set package 'chatbot' build argument 'ament_cmake_args' from command line to 'None'
[1.048s] Level 5:colcon.colcon_core.verb:set package 'chatbot' build argument 'catkin_cmake_args' from command line to 'None'
[1.048s] Level 5:colcon.colcon_core.verb:set package 'chatbot' build argument 'catkin_skip_building_tests' from command line to 'False'
[1.048s] DEBUG:colcon.colcon_core.verb:Building package 'chatbot' with the following arguments: {'ament_cmake_args': None, 'build_base': '/home/luca/modulo8/ponderada-2/build/chatbot', 'catkin_cmake_args': None, 'catkin_skip_building_tests': False, 'cmake_args': None, 'cmake_clean_cache': False, 'cmake_clean_first': False, 'cmake_force_configure': False, 'cmake_target': None, 'cmake_target_skip_unavailable': False, 'install_base': '/home/luca/modulo8/ponderada-2/install/chatbot', 'merge_install': False, 'path': '/home/luca/modulo8/ponderada-2/src/chatbot', 'symlink_install': False, 'test_result_base': None}
[1.060s] Level 5:colcon.colcon_core.verb:set package 'turtlebot3' build argument 'cmake_args' from command line to 'None'
[1.060s] Level 5:colcon.colcon_core.verb:set package 'turtlebot3' build argument 'cmake_target' from command line to 'None'
[1.060s] Level 5:colcon.colcon_core.verb:set package 'turtlebot3' build argument 'cmake_target_skip_unavailable' from command line to 'False'
[1.060s] Level 5:colcon.colcon_core.verb:set package 'turtlebot3' build argument 'cmake_clean_cache' from command line to 'False'
[1.060s] Level 5:colcon.colcon_core.verb:set package 'turtlebot3' build argument 'cmake_clean_first' from command line to 'False'
[1.060s] Level 5:colcon.colcon_core.verb:set package 'turtlebot3' build argument 'cmake_force_configure' from command line to 'False'
[1.060s] Level 5:colcon.colcon_core.verb:set package 'turtlebot3' build argument 'ament_cmake_args' from command line to 'None'
[1.060s] Level 5:colcon.colcon_core.verb:set package 'turtlebot3' build argument 'catkin_cmake_args' from command line to 'None'
[1.060s] Level 5:colcon.colcon_core.verb:set package 'turtlebot3' build argument 'catkin_skip_building_tests' from command line to 'False'
[1.060s] DEBUG:colcon.colcon_core.verb:Building package 'turtlebot3' with the following arguments: {'ament_cmake_args': None, 'build_base': '/home/luca/modulo8/ponderada-2/build/turtlebot3', 'catkin_cmake_args': None, 'catkin_skip_building_tests': False, 'cmake_args': None, 'cmake_clean_cache': False, 'cmake_clean_first': False, 'cmake_force_configure': False, 'cmake_target': None, 'cmake_target_skip_unavailable': False, 'install_base': '/home/luca/modulo8/ponderada-2/install/turtlebot3', 'merge_install': False, 'path': '/home/luca/modulo8/ponderada-2/src/turtlebot3', 'symlink_install': False, 'test_result_base': None}
[1.072s] INFO:colcon.colcon_core.executor:Executing jobs using 'parallel' executor
[1.084s] DEBUG:colcon.colcon_parallel_executor.executor.parallel:run_until_complete
[1.084s] INFO:colcon.colcon_ros.task.ament_python.build:Building ROS package in '/home/luca/modulo8/ponderada-2/src/chatbot' with build type 'ament_python'
[1.085s] Level 1:colcon.colcon_core.shell:create_environment_hook('chatbot', 'ament_prefix_path')
[1.098s] INFO:colcon.colcon_core.plugin_system:Skipping extension 'colcon_core.shell.bat': Not used on non-Windows systems
[1.098s] INFO:colcon.colcon_core.shell:Creating environment hook '/home/luca/modulo8/ponderada-2/install/chatbot/share/chatbot/hook/ament_prefix_path.ps1'
[1.099s] INFO:colcon.colcon_core.shell:Creating environment descriptor '/home/luca/modulo8/ponderada-2/install/chatbot/share/chatbot/hook/ament_prefix_path.dsv'
[1.099s] INFO:colcon.colcon_core.shell:Creating environment hook '/home/luca/modulo8/ponderada-2/install/chatbot/share/chatbot/hook/ament_prefix_path.sh'
[1.113s] INFO:colcon.colcon_core.shell:Skip shell extension 'powershell' for command environment: Not usable outside of PowerShell
[1.113s] DEBUG:colcon.colcon_core.shell:Skip shell extension 'dsv' for command environment
[1.150s] INFO:colcon.colcon_ros.task.ament_python.build:Building ROS package in '/home/luca/modulo8/ponderada-2/src/turtlebot3' with build type 'ament_python'
[1.150s] Level 1:colcon.colcon_core.shell:create_environment_hook('turtlebot3', 'ament_prefix_path')
[1.161s] INFO:colcon.colcon_core.shell:Creating environment hook '/home/luca/modulo8/ponderada-2/install/turtlebot3/share/turtlebot3/hook/ament_prefix_path.ps1'
[1.162s] INFO:colcon.colcon_core.shell:Creating environment descriptor '/home/luca/modulo8/ponderada-2/install/turtlebot3/share/turtlebot3/hook/ament_prefix_path.dsv'
[1.162s] INFO:colcon.colcon_core.shell:Creating environment hook '/home/luca/modulo8/ponderada-2/install/turtlebot3/share/turtlebot3/hook/ament_prefix_path.sh'
[1.174s] INFO:colcon.colcon_core.shell:Skip shell extension 'powershell' for command environment: Not usable outside of PowerShell
[1.174s] DEBUG:colcon.colcon_core.shell:Skip shell extension 'dsv' for command environment
[1.433s] INFO:colcon.colcon_core.task.python.build:Building Python package in '/home/luca/modulo8/ponderada-2/src/chatbot'
[1.445s] INFO:colcon.colcon_core.shell:Skip shell extension 'powershell' for command environment: Not usable outside of PowerShell
[1.446s] DEBUG:colcon.colcon_core.shell:Skip shell extension 'dsv' for command environment
[1.711s] INFO:colcon.colcon_core.task.python.build:Building Python package in '/home/luca/modulo8/ponderada-2/src/turtlebot3'
[1.723s] INFO:colcon.colcon_core.shell:Skip shell extension 'powershell' for command environment: Not usable outside of PowerShell
[1.723s] DEBUG:colcon.colcon_core.shell:Skip shell extension 'dsv' for command environment
[2.094s] DEBUG:colcon.colcon_core.event_handler.log_command:Invoking command in '/home/luca/modulo8/ponderada-2/src/chatbot': PYTHONPATH=/home/luca/modulo8/ponderada-2/build/chatbot/prefix_override:/home/luca/modulo8/ponderada-2/install/chatbot/lib/python3.10/site-packages:${PYTHONPATH} /usr/bin/python3 setup.py egg_info --egg-base ../../build/chatbot build --build-base /home/luca/modulo8/ponderada-2/build/chatbot/build install --record /home/luca/modulo8/ponderada-2/build/chatbot/install.log --single-version-externally-managed
[2.096s] DEBUG:colcon.colcon_core.event_handler.log_command:Invoking command in '/home/luca/modulo8/ponderada-2/src/turtlebot3': PYTHONPATH=/home/luca/modulo8/ponderada-2/build/turtlebot3/prefix_override:/home/luca/modulo8/ponderada-2/install/turtlebot3/lib/python3.10/site-packages:${PYTHONPATH} /usr/bin/python3 setup.py egg_info --egg-base ../../build/turtlebot3 build --build-base /home/luca/modulo8/ponderada-2/build/turtlebot3/build install --record /home/luca/modulo8/ponderada-2/build/turtlebot3/install.log --single-version-externally-managed
[2.374s] DEBUG:colcon.colcon_core.event_handler.log_command:Invoked command in '/home/luca/modulo8/ponderada-2/src/chatbot' returned '0': PYTHONPATH=/home/luca/modulo8/ponderada-2/build/chatbot/prefix_override:/home/luca/modulo8/ponderada-2/install/chatbot/lib/python3.10/site-packages:${PYTHONPATH} /usr/bin/python3 setup.py egg_info --egg-base ../../build/chatbot build --build-base /home/luca/modulo8/ponderada-2/build/chatbot/build install --record /home/luca/modulo8/ponderada-2/build/chatbot/install.log --single-version-externally-managed
[2.388s] Level 1:colcon.colcon_core.environment:checking '/home/luca/modulo8/ponderada-2/install/chatbot' for CMake module files
[2.389s] Level 1:colcon.colcon_core.environment:checking '/home/luca/modulo8/ponderada-2/install/chatbot' for CMake config files
[2.390s] Level 1:colcon.colcon_core.environment:checking '/home/luca/modulo8/ponderada-2/install/chatbot/lib'
[2.390s] Level 1:colcon.colcon_core.environment:checking '/home/luca/modulo8/ponderada-2/install/chatbot/bin'
[2.390s] Level 1:colcon.colcon_core.environment:checking '/home/luca/modulo8/ponderada-2/install/chatbot/lib/pkgconfig/chatbot.pc'
[2.390s] Level 1:colcon.colcon_core.environment:checking '/home/luca/modulo8/ponderada-2/install/chatbot/lib/python3.10/site-packages'
[2.390s] Level 1:colcon.colcon_core.shell:create_environment_hook('chatbot', 'pythonpath')
[2.401s] INFO:colcon.colcon_core.shell:Creating environment hook '/home/luca/modulo8/ponderada-2/install/chatbot/share/chatbot/hook/pythonpath.ps1'
[2.402s] INFO:colcon.colcon_core.shell:Creating environment descriptor '/home/luca/modulo8/ponderada-2/install/chatbot/share/chatbot/hook/pythonpath.dsv'
[2.402s] INFO:colcon.colcon_core.shell:Creating environment hook '/home/luca/modulo8/ponderada-2/install/chatbot/share/chatbot/hook/pythonpath.sh'
[2.403s] Level 1:colcon.colcon_core.environment:checking '/home/luca/modulo8/ponderada-2/install/chatbot/bin'
[2.403s] Level 1:colcon.colcon_core.environment:create_environment_scripts_only(chatbot)
[2.414s] INFO:colcon.colcon_core.shell:Creating package script '/home/luca/modulo8/ponderada-2/install/chatbot/share/chatbot/package.ps1'
[2.414s] INFO:colcon.colcon_core.shell:Creating package descriptor '/home/luca/modulo8/ponderada-2/install/chatbot/share/chatbot/package.dsv'
[2.415s] INFO:colcon.colcon_core.shell:Creating package script '/home/luca/modulo8/ponderada-2/install/chatbot/share/chatbot/package.sh'
[2.415s] INFO:colcon.colcon_core.shell:Creating package script '/home/luca/modulo8/ponderada-2/install/chatbot/share/chatbot/package.bash'
[2.416s] INFO:colcon.colcon_core.shell:Creating package script '/home/luca/modulo8/ponderada-2/install/chatbot/share/chatbot/package.zsh'
[2.417s] Level 1:colcon.colcon_core.environment:create_file_with_runtime_dependencies(/home/luca/modulo8/ponderada-2/install/chatbot/share/colcon-core/packages/chatbot)
[2.418s] DEBUG:colcon.colcon_core.event_handler.log_command:Invoked command in '/home/luca/modulo8/ponderada-2/src/turtlebot3' returned '0': PYTHONPATH=/home/luca/modulo8/ponderada-2/build/turtlebot3/prefix_override:/home/luca/modulo8/ponderada-2/install/turtlebot3/lib/python3.10/site-packages:${PYTHONPATH} /usr/bin/python3 setup.py egg_info --egg-base ../../build/turtlebot3 build --build-base /home/luca/modulo8/ponderada-2/build/turtlebot3/build install --record /home/luca/modulo8/ponderada-2/build/turtlebot3/install.log --single-version-externally-managed
[2.430s] Level 1:colcon.colcon_core.environment:checking '/home/luca/modulo8/ponderada-2/install/turtlebot3' for CMake module files
[2.430s] Level 1:colcon.colcon_core.environment:checking '/home/luca/modulo8/ponderada-2/install/turtlebot3' for CMake config files
[2.430s] Level 1:colcon.colcon_core.environment:checking '/home/luca/modulo8/ponderada-2/install/turtlebot3/lib'
[2.430s] Level 1:colcon.colcon_core.environment:checking '/home/luca/modulo8/ponderada-2/install/turtlebot3/bin'
[2.430s] Level 1:colcon.colcon_core.environment:checking '/home/luca/modulo8/ponderada-2/install/turtlebot3/lib/pkgconfig/turtlebot3.pc'
[2.431s] Level 1:colcon.colcon_core.environment:checking '/home/luca/modulo8/ponderada-2/install/turtlebot3/lib/python3.10/site-packages'
[2.431s] Level 1:colcon.colcon_core.shell:create_environment_hook('turtlebot3', 'pythonpath')
[2.443s] INFO:colcon.colcon_core.shell:Creating environment hook '/home/luca/modulo8/ponderada-2/install/turtlebot3/share/turtlebot3/hook/pythonpath.ps1'
[2.443s] INFO:colcon.colcon_core.shell:Creating environment descriptor '/home/luca/modulo8/ponderada-2/install/turtlebot3/share/turtlebot3/hook/pythonpath.dsv'
[2.443s] INFO:colcon.colcon_core.shell:Creating environment hook '/home/luca/modulo8/ponderada-2/install/turtlebot3/share/turtlebot3/hook/pythonpath.sh'
[2.444s] Level 1:colcon.colcon_core.environment:checking '/home/luca/modulo8/ponderada-2/install/turtlebot3/bin'
[2.444s] Level 1:colcon.colcon_core.environment:create_environment_scripts_only(turtlebot3)
[2.456s] INFO:colcon.colcon_core.shell:Creating package script '/home/luca/modulo8/ponderada-2/install/turtlebot3/share/turtlebot3/package.ps1'
[2.457s] INFO:colcon.colcon_core.shell:Creating package descriptor '/home/luca/modulo8/ponderada-2/install/turtlebot3/share/turtlebot3/package.dsv'
[2.457s] INFO:colcon.colcon_core.shell:Creating package script '/home/luca/modulo8/ponderada-2/install/turtlebot3/share/turtlebot3/package.sh'
[2.458s] INFO:colcon.colcon_core.shell:Creating package script '/home/luca/modulo8/ponderada-2/install/turtlebot3/share/turtlebot3/package.bash'
[2.458s] INFO:colcon.colcon_core.shell:Creating package script '/home/luca/modulo8/ponderada-2/install/turtlebot3/share/turtlebot3/package.zsh'
[2.458s] Level 1:colcon.colcon_core.environment:create_file_with_runtime_dependencies(/home/luca/modulo8/ponderada-2/install/turtlebot3/share/colcon-core/packages/turtlebot3)
[2.458s] DEBUG:colcon.colcon_parallel_executor.executor.parallel:closing loop
[2.459s] DEBUG:colcon.colcon_parallel_executor.executor.parallel:loop closed
[2.459s] DEBUG:colcon.colcon_parallel_executor.executor.parallel:run_until_complete finished with '0'
[2.459s] DEBUG:colcon.colcon_core.event_reactor:joining thread
[2.474s] INFO:colcon.colcon_core.plugin_system:Skipping extension 'colcon_notification.desktop_notification.terminal_notifier': Not used on non-Darwin systems
[2.475s] INFO:colcon.colcon_core.plugin_system:Skipping extension 'colcon_notification.desktop_notification.win32': Not used on non-Windows systems
[2.475s] INFO:colcon.colcon_notification.desktop_notification:Sending desktop notification using 'notify2'
[2.485s] DEBUG:colcon.colcon_core.event_reactor:joined thread
[2.498s] INFO:colcon.colcon_core.shell:Creating prefix script '/home/luca/modulo8/ponderada-2/install/local_setup.ps1'
[2.499s] INFO:colcon.colcon_core.shell:Creating prefix util module '/home/luca/modulo8/ponderada-2/install/_local_setup_util_ps1.py'
[2.500s] INFO:colcon.colcon_core.shell:Creating prefix chain script '/home/luca/modulo8/ponderada-2/install/setup.ps1'
[2.513s] INFO:colcon.colcon_core.shell:Creating prefix script '/home/luca/modulo8/ponderada-2/install/local_setup.sh'
[2.513s] INFO:colcon.colcon_core.shell:Creating prefix util module '/home/luca/modulo8/ponderada-2/install/_local_setup_util_sh.py'
[2.514s] INFO:colcon.colcon_core.shell:Creating prefix chain script '/home/luca/modulo8/ponderada-2/install/setup.sh'
[2.527s] INFO:colcon.colcon_core.shell:Creating prefix script '/home/luca/modulo8/ponderada-2/install/local_setup.bash'
[2.528s] INFO:colcon.colcon_core.shell:Creating prefix chain script '/home/luca/modulo8/ponderada-2/install/setup.bash'
[2.540s] INFO:colcon.colcon_core.shell:Creating prefix script '/home/luca/modulo8/ponderada-2/install/local_setup.zsh'
[2.540s] INFO:colcon.colcon_core.shell:Creating prefix chain script '/home/luca/modulo8/ponderada-2/install/setup.zsh'
