[0.945s] Invoking command in '/home/luca/modulo8/ponderada-2/src/turtlebot3': PYTHONPATH=/home/luca/modulo8/ponderada-2/build/turtlebot3/prefix_override:/home/luca/modulo8/ponderada-2/install/turtlebot3/lib/python3.10/site-packages:${PYTHONPATH} /usr/bin/python3 setup.py egg_info --egg-base ../../build/turtlebot3 build --build-base /home/luca/modulo8/ponderada-2/build/turtlebot3/build install --record /home/luca/modulo8/ponderada-2/build/turtlebot3/install.log --single-version-externally-managed
[1.169s] running egg_info
[1.169s] writing ../../build/turtlebot3/turtlebot3.egg-info/PKG-INFO
[1.169s] writing dependency_links to ../../build/turtlebot3/turtlebot3.egg-info/dependency_links.txt
[1.170s] writing entry points to ../../build/turtlebot3/turtlebot3.egg-info/entry_points.txt
[1.170s] writing requirements to ../../build/turtlebot3/turtlebot3.egg-info/requires.txt
[1.170s] writing top-level names to ../../build/turtlebot3/turtlebot3.egg-info/top_level.txt
[1.172s] reading manifest file '../../build/turtlebot3/turtlebot3.egg-info/SOURCES.txt'
[1.173s] writing manifest file '../../build/turtlebot3/turtlebot3.egg-info/SOURCES.txt'
[1.173s] running build
[1.173s] running build_py
[1.174s] copying turtlebot3/turtlebot3.py -> /home/luca/modulo8/ponderada-2/build/turtlebot3/build/lib/turtlebot3
[1.174s] running install
[1.174s] running install_lib
[1.175s] copying /home/luca/modulo8/ponderada-2/build/turtlebot3/build/lib/turtlebot3/turtlebot3.py -> /home/luca/modulo8/ponderada-2/install/turtlebot3/lib/python3.10/site-packages/turtlebot3
[1.175s] byte-compiling /home/luca/modulo8/ponderada-2/install/turtlebot3/lib/python3.10/site-packages/turtlebot3/turtlebot3.py to turtlebot3.cpython-310.pyc
[1.176s] running install_data
[1.177s] copying launch/movementlaunch.py -> /home/luca/modulo8/ponderada-2/install/turtlebot3/share/turtlebot3/launch
[1.177s] running install_egg_info
[1.179s] removing '/home/luca/modulo8/ponderada-2/install/turtlebot3/lib/python3.10/site-packages/turtlebot3-0.0.0-py3.10.egg-info' (and everything under it)
[1.179s] Copying ../../build/turtlebot3/turtlebot3.egg-info to /home/luca/modulo8/ponderada-2/install/turtlebot3/lib/python3.10/site-packages/turtlebot3-0.0.0-py3.10.egg-info
[1.180s] running install_scripts
[1.198s] Installing turtlebot3 script to /home/luca/modulo8/ponderada-2/install/turtlebot3/lib/turtlebot3
[1.198s] writing list of installed files to '/home/luca/modulo8/ponderada-2/build/turtlebot3/install.log'
[1.267s] Invoked command in '/home/luca/modulo8/ponderada-2/src/turtlebot3' returned '0': PYTHONPATH=/home/luca/modulo8/ponderada-2/build/turtlebot3/prefix_override:/home/luca/modulo8/ponderada-2/install/turtlebot3/lib/python3.10/site-packages:${PYTHONPATH} /usr/bin/python3 setup.py egg_info --egg-base ../../build/turtlebot3 build --build-base /home/luca/modulo8/ponderada-2/build/turtlebot3/build install --record /home/luca/modulo8/ponderada-2/build/turtlebot3/install.log --single-version-externally-managed
